Using pre-set license
Built from '2022.3/staging' branch; Version is '2022.3.8f1 (b5eafc012955) revision 11922172'; Using compiler version '192829333'; Build Type 'Release'
OS: 'Windows 11  (10.0.22621) 64bit Professional' Language: 'en' Physical Memory: 16160 MB
BatchMode: 1, IsHumanControllingUs: 0, StartBugReporterOnCrash: 0, Is64bit: 1, IsPro: 1

COMMAND LINE ARGUMENTS:
C:\Program Files\Unity\Hub\Editor\2022.3.8f1\Editor\Unity.exe
-adb2
-batchMode
-noUpm
-name
AssetImportWorker2
-projectPath
C:/Users/Samuel Lee/Documents/Developer/Unity Projects/UVRCast
-logFile
Logs/AssetImportWorker2.log
-srvPort
54903
Successfully changed project path to: C:/Users/Samuel Lee/Documents/Developer/Unity Projects/UVRCast
C:/Users/Samuel Lee/Documents/Developer/Unity Projects/UVRCast
[UnityMemory] Configuration Parameters - Can be set up in boot.config
    "memorysetup-bucket-allocator-granularity=16"
    "memorysetup-bucket-allocator-bucket-count=8"
    "memorysetup-bucket-allocator-block-size=33554432"
    "memorysetup-bucket-allocator-block-count=8"
    "memorysetup-main-allocator-block-size=16777216"
    "memorysetup-thread-allocator-block-size=16777216"
    "memorysetup-gfx-main-allocator-block-size=16777216"
    "memorysetup-gfx-thread-allocator-block-size=16777216"
    "memorysetup-cache-allocator-block-size=4194304"
    "memorysetup-typetree-allocator-block-size=2097152"
    "memorysetup-profiler-bucket-allocator-granularity=16"
    "memorysetup-profiler-bucket-allocator-bucket-count=8"
    "memorysetup-profiler-bucket-allocator-block-size=33554432"
    "memorysetup-profiler-bucket-allocator-block-count=8"
    "memorysetup-profiler-allocator-block-size=16777216"
    "memorysetup-profiler-editor-allocator-block-size=1048576"
    "memorysetup-temp-allocator-size-main=16777216"
    "memorysetup-job-temp-allocator-block-size=2097152"
    "memorysetup-job-temp-allocator-block-size-background=1048576"
    "memorysetup-job-temp-allocator-reduction-small-platforms=262144"
    "memorysetup-allocator-temp-initial-block-size-main=262144"
    "memorysetup-allocator-temp-initial-block-size-worker=262144"
    "memorysetup-temp-allocator-size-background-worker=32768"
    "memorysetup-temp-allocator-size-job-worker=262144"
    "memorysetup-temp-allocator-size-preload-manager=33554432"
    "memorysetup-temp-allocator-size-nav-mesh-worker=65536"
    "memorysetup-temp-allocator-size-audio-worker=65536"
    "memorysetup-temp-allocator-size-cloud-worker=32768"
    "memorysetup-temp-allocator-size-gi-baking-worker=262144"
    "memorysetup-temp-allocator-size-gfx=262144"
Player connection [10528] Host "[IP] 192.168.0.9 [Port] 0 [Flags] 2 [Guid] 1969681046 [EditorId] 1969681046 [Version] 1048832 [Id] WindowsEditor(7,EliteDesk) [Debug] 1 [PackageName] WindowsEditor [ProjectName] Editor" joined multi-casting on [225.0.0.222:54997]...

Player connection [10528] Host "[IP] 192.168.0.9 [Port] 0 [Flags] 2 [Guid] 1969681046 [EditorId] 1969681046 [Version] 1048832 [Id] WindowsEditor(7,EliteDesk) [Debug] 1 [PackageName] WindowsEditor [ProjectName] Editor" joined alternative multi-casting on [225.0.0.222:34997]...

[Physics::Module] Initialized MultithreadedJobDispatcher with 15 workers.
Refreshing native plugins compatible for Editor in 16.92 ms, found 3 plugins.
Preloading 0 native plugins for Editor in 0.00 ms.
Initialize engine version: 2022.3.8f1 (b5eafc012955)
[Subsystems] Discovering subsystems at path C:/Program Files/Unity/Hub/Editor/2022.3.8f1/Editor/Data/Resources/UnitySubsystems
[Subsystems] Discovering subsystems at path C:/Users/Samuel Lee/Documents/Developer/Unity Projects/UVRCast/Assets
GfxDevice: creating device client; threaded=0; jobified=0
Direct3D:
    Version:  Direct3D 11.0 [level 11.1]
    Renderer: NVIDIA GeForce GTX 1050 Ti (ID=0x1c82)
    Vendor:   NVIDIA
    VRAM:     4017 MB
    Driver:   31.0.15.3713
Initialize mono
Mono path[0] = 'C:/Program Files/Unity/Hub/Editor/2022.3.8f1/Editor/Data/Managed'
Mono path[1] = 'C:/Program Files/Unity/Hub/Editor/2022.3.8f1/Editor/Data/MonoBleedingEdge/lib/mono/unityjit-win32'
Mono config path = 'C:/Program Files/Unity/Hub/Editor/2022.3.8f1/Editor/Data/MonoBleedingEdge/etc'
Using monoOptions --debugger-agent=transport=dt_socket,embedding=1,server=y,suspend=n,address=127.0.0.1:56136
Begin MonoManager ReloadAssembly
Registering precompiled unity dll's ...
Register platform support module: C:/Program Files/Unity/Hub/Editor/2022.3.8f1/Editor/Data/PlaybackEngines/WebGLSupport/UnityEditor.WebGL.Extensions.dll
Register platform support module: C:/Program Files/Unity/Hub/Editor/2022.3.8f1/Editor/Data/PlaybackEngines/MacStandaloneSupport/UnityEditor.OSXStandalone.Extensions.dll
Register platform support module: C:/Program Files/Unity/Hub/Editor/2022.3.8f1/Editor/Data/PlaybackEngines/AndroidPlayer/UnityEditor.Android.Extensions.dll
Register platform support module: C:/Program Files/Unity/Hub/Editor/2022.3.8f1/Editor/Data/PlaybackEngines/iOSSupport/UnityEditor.iOS.Extensions.dll
Register platform support module: C:/Program Files/Unity/Hub/Editor/2022.3.8f1/Editor/Data/PlaybackEngines/AppleTVSupport/UnityEditor.AppleTV.Extensions.dll
Register platform support module: C:/Program Files/Unity/Hub/Editor/2022.3.8f1/Editor/Data/PlaybackEngines/WindowsStandaloneSupport/UnityEditor.WindowsStandalone.Extensions.dll
Register platform support module: C:/Program Files/Unity/Hub/Editor/2022.3.8f1/Editor/Data/PlaybackEngines/LinuxStandaloneSupport/UnityEditor.LinuxStandalone.Extensions.dll
Register platform support module: C:/Program Files/Unity/Hub/Editor/2022.3.8f1/Editor/Data/PlaybackEngines/MetroSupport/UnityEditor.UWP.Extensions.dll
Registered in 0.025989 seconds.
- Loaded All Assemblies, in  0.463 seconds
Native extension for UWP target not found
Native extension for LinuxStandalone target not found
Native extension for WindowsStandalone target not found
[usbmuxd] Start listen thread
[usbmuxd] Listen thread started
[usbmuxd] Send listen message
Native extension for AppleTV target not found
[usbmuxd] Start listen thread
[usbmuxd] Listen thread started
[usbmuxd] Send listen message
Native extension for iOS target not found
Native extension for Android target not found
Android Extension - Scanning For ADB Devices 403 ms
Native extension for OSXStandalone target not found
Native extension for WebGL target not found
Mono: successfully reloaded assembly
- Finished resetting the current domain, in  0.775 seconds
Domain Reload Profiling: 1236ms
	BeginReloadAssembly (135ms)
		ExecutionOrderSort (0ms)
		DisableScriptedObjects (0ms)
		BackupInstance (0ms)
		ReleaseScriptingObjects (0ms)
		CreateAndSetChildDomain (1ms)
	RebuildCommonClasses (39ms)
	RebuildNativeTypeToScriptingClass (12ms)
	initialDomainReloadingComplete (87ms)
	LoadAllAssembliesAndSetupDomain (189ms)
		LoadAssemblies (134ms)
		RebuildTransferFunctionScriptingTraits (0ms)
		AnalyzeDomain (185ms)
			TypeCache.Refresh (183ms)
				TypeCache.ScanAssembly (163ms)
			ScanForSourceGeneratedMonoScriptInfo (0ms)
			ResolveRequiredComponents (1ms)
	FinalizeReload (775ms)
		ReleaseScriptCaches (0ms)
		RebuildScriptCaches (0ms)
		SetupLoadedEditorAssemblies (713ms)
			LogAssemblyErrors (0ms)
			InitializePlatformSupportModulesInManaged (548ms)
			SetLoadedEditorAssemblies (6ms)
			RefreshPlugins (0ms)
			BeforeProcessingInitializeOnLoad (2ms)
			ProcessInitializeOnLoadAttributes (104ms)
			ProcessInitializeOnLoadMethodAttributes (53ms)
			AfterProcessingInitializeOnLoad (0ms)
			EditorAssembliesLoaded (0ms)
		ExecutionOrderSort2 (0ms)
		AwakeInstancesAfterBackupRestoration (0ms)
========================================================================
Worker process is ready to serve import requests
Begin MonoManager ReloadAssembly
- Loaded All Assemblies, in  0.978 seconds
Refreshing native plugins compatible for Editor in 4.34 ms, found 3 plugins.
Native extension for UWP target not found
Native extension for LinuxStandalone target not found
Native extension for WindowsStandalone target not found
Native extension for AppleTV target not found
Native extension for iOS target not found
Native extension for Android target not found
Native extension for OSXStandalone target not found
Native extension for WebGL target not found
Package Manager log level set to [2]
[Package Manager] Server::EnsureServerProcessIsRunning -- launch failed, reason: Unity was launched with the -noUpm command-line argument
[Package Manager] UpmClient::Send -- Unable to send message (not connected to UPM process).
[Package Manager] Cannot connect to Unity Package Manager local server
Mono: successfully reloaded assembly
- Finished resetting the current domain, in  0.806 seconds
Domain Reload Profiling: 1780ms
	BeginReloadAssembly (189ms)
		ExecutionOrderSort (0ms)
		DisableScriptedObjects (7ms)
		BackupInstance (0ms)
		ReleaseScriptingObjects (0ms)
		CreateAndSetChildDomain (32ms)
	RebuildCommonClasses (37ms)
	RebuildNativeTypeToScriptingClass (11ms)
	initialDomainReloadingComplete (46ms)
	LoadAllAssembliesAndSetupDomain (691ms)
		LoadAssemblies (503ms)
		RebuildTransferFunctionScriptingTraits (0ms)
		AnalyzeDomain (295ms)
			TypeCache.Refresh (241ms)
				TypeCache.ScanAssembly (216ms)
			ScanForSourceGeneratedMonoScriptInfo (32ms)
			ResolveRequiredComponents (18ms)
	FinalizeReload (807ms)
		ReleaseScriptCaches (0ms)
		RebuildScriptCaches (0ms)
		SetupLoadedEditorAssemblies (586ms)
			LogAssemblyErrors (0ms)
			InitializePlatformSupportModulesInManaged (60ms)
			SetLoadedEditorAssemblies (3ms)
			RefreshPlugins (0ms)
			BeforeProcessingInitializeOnLoad (82ms)
			ProcessInitializeOnLoadAttributes (359ms)
			ProcessInitializeOnLoadMethodAttributes (74ms)
			AfterProcessingInitializeOnLoad (7ms)
			EditorAssembliesLoaded (0ms)
		ExecutionOrderSort2 (0ms)
		AwakeInstancesAfterBackupRestoration (10ms)
Launched and connected shader compiler UnityShaderCompiler.exe after 0.05 seconds
Refreshing native plugins compatible for Editor in 6.30 ms, found 3 plugins.
Preloading 0 native plugins for Editor in 0.00 ms.
Unloading 5457 Unused Serialized files (Serialized files now loaded: 0)
Unloading 80 unused Assets / (0.8 MB). Loaded Objects now: 5911.
Memory consumption went from 216.7 MB to 216.0 MB.
Total: 4.203400 ms (FindLiveObjects: 0.593400 ms CreateObjectMapping: 0.542000 ms MarkObjects: 2.695600 ms  DeleteObjects: 0.371000 ms)

AssetImportParameters requested are different than current active one (requested -> active):
  custom:container-demuxer-ogg: 62fdf1f143b41e24485cea50d1cbac27 -> 
  custom:video-codec-MediaFoundation-h265: 746d11721c4dcdbdad8f713fa42b33f4 -> 
  custom:video-decoder-ogg-theora: a1e56fd34408186e4bbccfd4996cb3dc -> 
  custom:framework-win-MediaFoundation: 216162199b28c13a410421893ffa2e32 -> 
  custom:CustomObjectIndexerAttribute: a3ef5dd2817f97addfee359851a9dba5 -> 
  custom:container-demuxer-webm: 4f35f7cbe854078d1ac9338744f61a02 -> 
  custom:container-muxer-webm: aa71ff27fc2769a1b78a27578f13a17b -> 
  custom:video-decoder-webm-vp8: 9c59270c3fd7afecdb556c50c9e8de78 -> 
  custom:SearchIndexIgnoredProperties: e643bd26f0fe6173181afceb89e7c659 -> 
  custom:AudioImporter_EditorPlatform: d09bf68614088b80899f8185d706f6e7 -> 
  custom:video-encoder-webm-vp8: eb34c28f22e8b96e1ab97ce403110664 -> 
  custom:audio-decoder-ogg-vorbis: bf7c407c2cedff20999df2af8eb42d56 -> 
  custom:audio-encoder-webm-vorbis: bf7c407c2cedff20999df2af8eb42d56 -> 
========================================================================
Received Import Request.
  Time since last request: 407185.084050 seconds.
  path: Assets/3D Imports/VRM/S.Aikawa (Summer)/S.Aikawa (Summer).Textures/_17.png
  artifactKey: Guid(e9ad5bfc3a829744ebb6d6e2edaae78b) Importer(815301076,1909f56bfc062723c751e8b465ee728b)
Start importing Assets/3D Imports/VRM/S.Aikawa (Summer)/S.Aikawa (Summer).Textures/_17.png using Guid(e9ad5bfc3a829744ebb6d6e2edaae78b) Importer(815301076,1909f56bfc062723c751e8b465ee728b)  -> (artifact id: '47c5ab1d1b1aa6936e277df59d790c5e') in 0.100695 seconds
Number of updated asset objects reloaded before import = 0
Number of asset objects unloaded after import = 2
========================================================================
Received Import Request.
  Time since last request: 34.432753 seconds.
  path: Assets/3D Imports/VRM/S.Aikawa (Summer)/S.Aikawa (Summer).Textures/_03.png
  artifactKey: Guid(eaf48e4754876c741aae53753730860c) Importer(815301076,1909f56bfc062723c751e8b465ee728b)
Start importing Assets/3D Imports/VRM/S.Aikawa (Summer)/S.Aikawa (Summer).Textures/_03.png using Guid(eaf48e4754876c741aae53753730860c) Importer(815301076,1909f56bfc062723c751e8b465ee728b)  -> (artifact id: '3b4f9f8115ea82ad87539caf532e77b8') in 0.026343 seconds
Number of updated asset objects reloaded before import = 0
Number of asset objects unloaded after import = 2
========================================================================
Received Import Request.
  Time since last request: 6.385954 seconds.
  path: Assets/3D Imports/VRM/S.Aikawa (Summer)/S.Aikawa (Summer).Textures/_01.png
  artifactKey: Guid(5aaa0c89cffd9c44ab5fce51b7eb1230) Importer(815301076,1909f56bfc062723c751e8b465ee728b)
Start importing Assets/3D Imports/VRM/S.Aikawa (Summer)/S.Aikawa (Summer).Textures/_01.png using Guid(5aaa0c89cffd9c44ab5fce51b7eb1230) Importer(815301076,1909f56bfc062723c751e8b465ee728b)  -> (artifact id: '2b3b0ed6bbfd3df2cdf3b67c68bd6d0b') in 0.022436 seconds
Number of updated asset objects reloaded before import = 0
Number of asset objects unloaded after import = 2
========================================================================
Received Import Request.
  Time since last request: 36.802517 seconds.
  path: Assets/3D Imports/VRM/S.Aikawa (Summer)/S.Aikawa (Summer).Textures/_07.png
  artifactKey: Guid(08bb6040a261c9449b7cf83f0e4d57d6) Importer(815301076,1909f56bfc062723c751e8b465ee728b)
Start importing Assets/3D Imports/VRM/S.Aikawa (Summer)/S.Aikawa (Summer).Textures/_07.png using Guid(08bb6040a261c9449b7cf83f0e4d57d6) Importer(815301076,1909f56bfc062723c751e8b465ee728b)  -> (artifact id: '51501c143c5a48cbdc14b3b788353680') in 0.033543 seconds
Number of updated asset objects reloaded before import = 0
Number of asset objects unloaded after import = 2
========================================================================
Received Import Request.
  Time since last request: 24.790714 seconds.
  path: Assets/3D Imports/VRM/S.Aikawa (Summer)/S.Aikawa (Summer).Textures/_06.png
  artifactKey: Guid(7e8c52cf74df36445963ad1cbc9ea357) Importer(815301076,1909f56bfc062723c751e8b465ee728b)
Start importing Assets/3D Imports/VRM/S.Aikawa (Summer)/S.Aikawa (Summer).Textures/_06.png using Guid(7e8c52cf74df36445963ad1cbc9ea357) Importer(815301076,1909f56bfc062723c751e8b465ee728b)  -> (artifact id: 'b438cbda60b1ce71bfa13da73c3bfbfd') in 0.021995 seconds
Number of updated asset objects reloaded before import = 0
Number of asset objects unloaded after import = 2
========================================================================
Received Import Request.
  Time since last request: 110.486047 seconds.
  path: Assets/3D Imports/VRM/S.Aikawa (Summer)/S.Aikawa (Summer).Materials/N00_000_00_Body_00_SKIN (Instance).asset
  artifactKey: Guid(17bc6777346a07a42ab8b4653d857177) Importer(815301076,1909f56bfc062723c751e8b465ee728b)
Start importing Assets/3D Imports/VRM/S.Aikawa (Summer)/S.Aikawa (Summer).Materials/N00_000_00_Body_00_SKIN (Instance).asset using Guid(17bc6777346a07a42ab8b4653d857177) Importer(815301076,1909f56bfc062723c751e8b465ee728b)  -> (artifact id: 'fe6fd07f5a528f71df33fb8f46378977') in 0.591932 seconds
Number of updated asset objects reloaded before import = 0
Number of asset objects unloaded after import = 4
========================================================================
Received Import Request.
  Time since last request: 0.000090 seconds.
  path: Assets/3D Imports/VRM/S.Aikawa (Summer)/S.Aikawa (Summer).Materials/N00_005_01_Tops_01_CLOTH (Instance).asset
  artifactKey: Guid(146f706c409f2b047877fb742960388a) Importer(815301076,1909f56bfc062723c751e8b465ee728b)
Start importing Assets/3D Imports/VRM/S.Aikawa (Summer)/S.Aikawa (Summer).Materials/N00_005_01_Tops_01_CLOTH (Instance).asset using Guid(146f706c409f2b047877fb742960388a) Importer(815301076,1909f56bfc062723c751e8b465ee728b)  -> (artifact id: '2386d63b423ff5c1d0cb360b7f92c54a') in 0.039648 seconds
Number of updated asset objects reloaded before import = 0
Number of asset objects unloaded after import = 6
========================================================================
Received Import Request.
  Time since last request: 0.000078 seconds.
  path: Assets/3D Imports/VRM/S.Aikawa (Summer)/S.Aikawa (Summer).Materials/N00_000_00_FaceMouth_00_FACE (Instance).asset
  artifactKey: Guid(a9c9bd73fd6530f4b868d2c905aefe3e) Importer(815301076,1909f56bfc062723c751e8b465ee728b)
Start importing Assets/3D Imports/VRM/S.Aikawa (Summer)/S.Aikawa (Summer).Materials/N00_000_00_FaceMouth_00_FACE (Instance).asset using Guid(a9c9bd73fd6530f4b868d2c905aefe3e) Importer(815301076,1909f56bfc062723c751e8b465ee728b)  -> (artifact id: 'b7533e9ce961c9f6fc1625520217ea8c') in 0.026026 seconds
Number of updated asset objects reloaded before import = 0
Number of asset objects unloaded after import = 5
========================================================================
Received Import Request.
  Time since last request: 0.000032 seconds.
  path: Assets/3D Imports/VRM/S.Aikawa (Summer)/S.Aikawa (Summer).Materials/N00_000_Hair_00_HAIR_01 (Instance).asset
  artifactKey: Guid(11a19823394bd754fa474b5c78ec284e) Importer(815301076,1909f56bfc062723c751e8b465ee728b)
Start importing Assets/3D Imports/VRM/S.Aikawa (Summer)/S.Aikawa (Summer).Materials/N00_000_Hair_00_HAIR_01 (Instance).asset using Guid(11a19823394bd754fa474b5c78ec284e) Importer(815301076,1909f56bfc062723c751e8b465ee728b)  -> (artifact id: '5f257abc8336daaa751baf3c1241900d') in 0.032100 seconds
Number of updated asset objects reloaded before import = 0
Number of asset objects unloaded after import = 6
========================================================================
Received Import Request.
  Time since last request: 0.000043 seconds.
  path: Assets/3D Imports/VRM/S.Aikawa (Summer)/S.Aikawa (Summer).Materials/N00_000_00_EyeIris_00_EYE (Instance).asset
  artifactKey: Guid(55f0deff57e55c648865cebaf2816814) Importer(815301076,1909f56bfc062723c751e8b465ee728b)
Start importing Assets/3D Imports/VRM/S.Aikawa (Summer)/S.Aikawa (Summer).Materials/N00_000_00_EyeIris_00_EYE (Instance).asset using Guid(55f0deff57e55c648865cebaf2816814) Importer(815301076,1909f56bfc062723c751e8b465ee728b)  -> (artifact id: 'b22d19e7a0cfedd32e8d15d04136ecf5') in 1.735130 seconds
Number of updated asset objects reloaded before import = 0
Number of asset objects unloaded after import = 5
========================================================================
Received Import Request.
  Time since last request: 53.041241 seconds.
  path: Assets/3D Imports/VRM/S.Aikawa (Summer)/S.Aikawa (Summer).Textures/_04.png
  artifactKey: Guid(22732198c2638ae428816461d24251d9) Importer(815301076,1909f56bfc062723c751e8b465ee728b)
Start importing Assets/3D Imports/VRM/S.Aikawa (Summer)/S.Aikawa (Summer).Textures/_04.png using Guid(22732198c2638ae428816461d24251d9) Importer(815301076,1909f56bfc062723c751e8b465ee728b)  -> (artifact id: '02c2d7457a2634bb7065259083b8203f') in 0.032969 seconds
Number of updated asset objects reloaded before import = 0
Number of asset objects unloaded after import = 2
========================================================================
Received Import Request.
  Time since last request: 0.000024 seconds.
  path: Assets/3D Imports/VRM/S.Aikawa (Summer)/S.Aikawa (Summer).Textures/N00_000_00_Face_00_out.png
  artifactKey: Guid(c47169842ba49e2408a8884e44f68ace) Importer(815301076,1909f56bfc062723c751e8b465ee728b)
Start importing Assets/3D Imports/VRM/S.Aikawa (Summer)/S.Aikawa (Summer).Textures/N00_000_00_Face_00_out.png using Guid(c47169842ba49e2408a8884e44f68ace) Importer(815301076,1909f56bfc062723c751e8b465ee728b)  -> (artifact id: '33a6d51c3f95b03a8138bd84253b3acd') in 0.029107 seconds
Number of updated asset objects reloaded before import = 0
Number of asset objects unloaded after import = 2
========================================================================
Received Import Request.
  Time since last request: 0.000155 seconds.
  path: Assets/3D Imports/VRM/S.Aikawa (Summer)/S.Aikawa (Summer).Textures/_18.png
  artifactKey: Guid(9756a77b87041c44d85d8a79a5af3c0c) Importer(815301076,1909f56bfc062723c751e8b465ee728b)
Start importing Assets/3D Imports/VRM/S.Aikawa (Summer)/S.Aikawa (Summer).Textures/_18.png using Guid(9756a77b87041c44d85d8a79a5af3c0c) Importer(815301076,1909f56bfc062723c751e8b465ee728b)  -> (artifact id: '621c4fc5118c0aece4b53ae2348b9fdd') in 0.029947 seconds
Number of updated asset objects reloaded before import = 0
Number of asset objects unloaded after import = 2
========================================================================
Received Import Request.
  Time since last request: 0.000050 seconds.
  path: Assets/3D Imports/VRM/S.Aikawa (Summer)/S.Aikawa (Summer).Textures/_12.png
  artifactKey: Guid(f7ba2d001834e1c45b4fc99ac6a39e5c) Importer(815301076,1909f56bfc062723c751e8b465ee728b)
Start importing Assets/3D Imports/VRM/S.Aikawa (Summer)/S.Aikawa (Summer).Textures/_12.png using Guid(f7ba2d001834e1c45b4fc99ac6a39e5c) Importer(815301076,1909f56bfc062723c751e8b465ee728b)  -> (artifact id: 'd09bc9c1c28eebd4f603121197600551') in 0.034434 seconds
Number of updated asset objects reloaded before import = 0
Number of asset objects unloaded after import = 2
Editor requested this worker to shutdown with reason: Scaling down because of idle timeout
TcpMessagingSession - receive error: operation aborted. errorcode: 995, details: The I/O operation has been aborted because of either a thread exit or an application request.
AssetImportWorker is now disconnected from the server
Process exiting
Exiting without the bug reporter. Application will terminate with return code 0