Using pre-set license
Built from '2022.3/staging' branch; Version is '2022.3.8f1 (b5eafc012955) revision 11922172'; Using compiler version '192829333'; Build Type 'Release'
OS: 'Windows 11  (10.0.22621) 64bit Professional' Language: 'en' Physical Memory: 16160 MB
BatchMode: 1, IsHumanControllingUs: 0, StartBugReporterOnCrash: 0, Is64bit: 1, IsPro: 1

COMMAND LINE ARGUMENTS:
C:\Program Files\Unity\Hub\Editor\2022.3.8f1\Editor\Unity.exe
-adb2
-batchMode
-noUpm
-name
AssetImportWorker9
-projectPath
C:/Users/Samuel Lee/Documents/Developer/Unity Projects/UVRCast
-logFile
Logs/AssetImportWorker9.log
-srvPort
57376
Successfully changed project path to: C:/Users/Samuel Lee/Documents/Developer/Unity Projects/UVRCast
C:/Users/Samuel Lee/Documents/Developer/Unity Projects/UVRCast
[UnityMemory] Configuration Parameters - Can be set up in boot.config
    "memorysetup-bucket-allocator-granularity=16"
    "memorysetup-bucket-allocator-bucket-count=8"
    "memorysetup-bucket-allocator-block-size=33554432"
    "memorysetup-bucket-allocator-block-count=8"
    "memorysetup-main-allocator-block-size=16777216"
    "memorysetup-thread-allocator-block-size=16777216"
    "memorysetup-gfx-main-allocator-block-size=16777216"
    "memorysetup-gfx-thread-allocator-block-size=16777216"
    "memorysetup-cache-allocator-block-size=4194304"
    "memorysetup-typetree-allocator-block-size=2097152"
    "memorysetup-profiler-bucket-allocator-granularity=16"
    "memorysetup-profiler-bucket-allocator-bucket-count=8"
    "memorysetup-profiler-bucket-allocator-block-size=33554432"
    "memorysetup-profiler-bucket-allocator-block-count=8"
    "memorysetup-profiler-allocator-block-size=16777216"
    "memorysetup-profiler-editor-allocator-block-size=1048576"
    "memorysetup-temp-allocator-size-main=16777216"
    "memorysetup-job-temp-allocator-block-size=2097152"
    "memorysetup-job-temp-allocator-block-size-background=1048576"
    "memorysetup-job-temp-allocator-reduction-small-platforms=262144"
    "memorysetup-allocator-temp-initial-block-size-main=262144"
    "memorysetup-allocator-temp-initial-block-size-worker=262144"
    "memorysetup-temp-allocator-size-background-worker=32768"
    "memorysetup-temp-allocator-size-job-worker=262144"
    "memorysetup-temp-allocator-size-preload-manager=33554432"
    "memorysetup-temp-allocator-size-nav-mesh-worker=65536"
    "memorysetup-temp-allocator-size-audio-worker=65536"
    "memorysetup-temp-allocator-size-cloud-worker=32768"
    "memorysetup-temp-allocator-size-gi-baking-worker=262144"
    "memorysetup-temp-allocator-size-gfx=262144"
Player connection [32456] Host "[IP] 192.168.0.9 [Port] 0 [Flags] 2 [Guid] 34560669 [EditorId] 34560669 [Version] 1048832 [Id] WindowsEditor(7,EliteDesk) [Debug] 1 [PackageName] WindowsEditor [ProjectName] Editor" joined multi-casting on [225.0.0.222:54997]...

Player connection [32456] Host "[IP] 192.168.0.9 [Port] 0 [Flags] 2 [Guid] 34560669 [EditorId] 34560669 [Version] 1048832 [Id] WindowsEditor(7,EliteDesk) [Debug] 1 [PackageName] WindowsEditor [ProjectName] Editor" joined alternative multi-casting on [225.0.0.222:34997]...

[Physics::Module] Initialized MultithreadedJobDispatcher with 15 workers.
Refreshing native plugins compatible for Editor in 11.70 ms, found 3 plugins.
Preloading 0 native plugins for Editor in 0.00 ms.
Initialize engine version: 2022.3.8f1 (b5eafc012955)
[Subsystems] Discovering subsystems at path C:/Program Files/Unity/Hub/Editor/2022.3.8f1/Editor/Data/Resources/UnitySubsystems
[Subsystems] Discovering subsystems at path C:/Users/Samuel Lee/Documents/Developer/Unity Projects/UVRCast/Assets
GfxDevice: creating device client; threaded=0; jobified=0
Direct3D:
    Version:  Direct3D 11.0 [level 11.1]
    Renderer: NVIDIA GeForce GTX 1050 Ti (ID=0x1c82)
    Vendor:   NVIDIA
    VRAM:     4017 MB
    Driver:   31.0.15.3713
Initialize mono
Mono path[0] = 'C:/Program Files/Unity/Hub/Editor/2022.3.8f1/Editor/Data/Managed'
Mono path[1] = 'C:/Program Files/Unity/Hub/Editor/2022.3.8f1/Editor/Data/MonoBleedingEdge/lib/mono/unityjit-win32'
Mono config path = 'C:/Program Files/Unity/Hub/Editor/2022.3.8f1/Editor/Data/MonoBleedingEdge/etc'
Using monoOptions --debugger-agent=transport=dt_socket,embedding=1,server=y,suspend=n,address=127.0.0.1:56484
Begin MonoManager ReloadAssembly
Registering precompiled unity dll's ...
Register platform support module: C:/Program Files/Unity/Hub/Editor/2022.3.8f1/Editor/Data/PlaybackEngines/WebGLSupport/UnityEditor.WebGL.Extensions.dll
Register platform support module: C:/Program Files/Unity/Hub/Editor/2022.3.8f1/Editor/Data/PlaybackEngines/MacStandaloneSupport/UnityEditor.OSXStandalone.Extensions.dll
Register platform support module: C:/Program Files/Unity/Hub/Editor/2022.3.8f1/Editor/Data/PlaybackEngines/AndroidPlayer/UnityEditor.Android.Extensions.dll
Register platform support module: C:/Program Files/Unity/Hub/Editor/2022.3.8f1/Editor/Data/PlaybackEngines/iOSSupport/UnityEditor.iOS.Extensions.dll
Register platform support module: C:/Program Files/Unity/Hub/Editor/2022.3.8f1/Editor/Data/PlaybackEngines/AppleTVSupport/UnityEditor.AppleTV.Extensions.dll
Register platform support module: C:/Program Files/Unity/Hub/Editor/2022.3.8f1/Editor/Data/PlaybackEngines/WindowsStandaloneSupport/UnityEditor.WindowsStandalone.Extensions.dll
Register platform support module: C:/Program Files/Unity/Hub/Editor/2022.3.8f1/Editor/Data/PlaybackEngines/LinuxStandaloneSupport/UnityEditor.LinuxStandalone.Extensions.dll
Register platform support module: C:/Program Files/Unity/Hub/Editor/2022.3.8f1/Editor/Data/PlaybackEngines/MetroSupport/UnityEditor.UWP.Extensions.dll
Registered in 0.022451 seconds.
- Loaded All Assemblies, in  0.422 seconds
Native extension for UWP target not found
Native extension for LinuxStandalone target not found
Native extension for WindowsStandalone target not found
Native extension for AppleTV target not found
Native extension for iOS target not found
Native extension for Android target not found
Android Extension - Scanning For ADB Devices 374 ms
Native extension for OSXStandalone target not found
Native extension for WebGL target not found
Mono: successfully reloaded assembly
- Finished resetting the current domain, in  0.732 seconds
Domain Reload Profiling: 1153ms
	BeginReloadAssembly (116ms)
		ExecutionOrderSort (0ms)
		DisableScriptedObjects (0ms)
		BackupInstance (0ms)
		ReleaseScriptingObjects (0ms)
		CreateAndSetChildDomain (1ms)
	RebuildCommonClasses (35ms)
	RebuildNativeTypeToScriptingClass (12ms)
	initialDomainReloadingComplete (82ms)
	LoadAllAssembliesAndSetupDomain (175ms)
		LoadAssemblies (115ms)
		RebuildTransferFunctionScriptingTraits (0ms)
		AnalyzeDomain (172ms)
			TypeCache.Refresh (169ms)
				TypeCache.ScanAssembly (152ms)
			ScanForSourceGeneratedMonoScriptInfo (1ms)
			ResolveRequiredComponents (1ms)
	FinalizeReload (733ms)
		ReleaseScriptCaches (0ms)
		RebuildScriptCaches (0ms)
		SetupLoadedEditorAssemblies (677ms)
			LogAssemblyErrors (0ms)
			InitializePlatformSupportModulesInManaged (519ms)
			SetLoadedEditorAssemblies (6ms)
			RefreshPlugins (0ms)
			BeforeProcessingInitializeOnLoad (2ms)
			ProcessInitializeOnLoadAttributes (96ms)
			ProcessInitializeOnLoadMethodAttributes (54ms)
			AfterProcessingInitializeOnLoad (0ms)
			EditorAssembliesLoaded (0ms)
		ExecutionOrderSort2 (0ms)
		AwakeInstancesAfterBackupRestoration (0ms)
========================================================================
Worker process is ready to serve import requests
Begin MonoManager ReloadAssembly
- Loaded All Assemblies, in  0.815 seconds
Refreshing native plugins compatible for Editor in 3.31 ms, found 3 plugins.
Native extension for UWP target not found
Native extension for LinuxStandalone target not found
Native extension for WindowsStandalone target not found
Native extension for AppleTV target not found
Native extension for iOS target not found
Native extension for Android target not found
Native extension for OSXStandalone target not found
Native extension for WebGL target not found
Package Manager log level set to [2]
[Package Manager] Server::EnsureServerProcessIsRunning -- launch failed, reason: Unity was launched with the -noUpm command-line argument
[Package Manager] UpmClient::Send -- Unable to send message (not connected to UPM process).
[Package Manager] Cannot connect to Unity Package Manager local server
[Package Manager] Server::EnsureServerProcessIsRunning -- launch failed, reason: Unity was launched with the -noUpm command-line argument
[Package Manager] UpmClient::Send -- Unable to send message (not connected to UPM process).
[Package Manager] Cannot connect to Unity Package Manager local server
Mono: successfully reloaded assembly
[Package Manager] Server::EnsureServerProcessIsRunning -- launch failed, reason: Unity was launched with the -noUpm command-line argument
[Package Manager] UpmClient::Send -- Unable to send message (not connected to UPM process).
[Package Manager] Cannot connect to Unity Package Manager local server
[Package Manager] Server::EnsureServerProcessIsRunning -- launch failed, reason: Unity was launched with the -noUpm command-line argument
[Package Manager] UpmClient::Send -- Unable to send message (not connected to UPM process).
[Package Manager] Cannot connect to Unity Package Manager local server
- Finished resetting the current domain, in  0.845 seconds
Domain Reload Profiling: 1655ms
	BeginReloadAssembly (164ms)
		ExecutionOrderSort (0ms)
		DisableScriptedObjects (6ms)
		BackupInstance (0ms)
		ReleaseScriptingObjects (0ms)
		CreateAndSetChildDomain (26ms)
	RebuildCommonClasses (35ms)
	RebuildNativeTypeToScriptingClass (12ms)
	initialDomainReloadingComplete (42ms)
	LoadAllAssembliesAndSetupDomain (556ms)
		LoadAssemblies (391ms)
		RebuildTransferFunctionScriptingTraits (0ms)
		AnalyzeDomain (261ms)
			TypeCache.Refresh (213ms)
				TypeCache.ScanAssembly (187ms)
			ScanForSourceGeneratedMonoScriptInfo (34ms)
			ResolveRequiredComponents (13ms)
	FinalizeReload (846ms)
		ReleaseScriptCaches (0ms)
		RebuildScriptCaches (0ms)
		SetupLoadedEditorAssemblies (628ms)
			LogAssemblyErrors (0ms)
			InitializePlatformSupportModulesInManaged (46ms)
			SetLoadedEditorAssemblies (3ms)
			RefreshPlugins (0ms)
			BeforeProcessingInitializeOnLoad (89ms)
			ProcessInitializeOnLoadAttributes (407ms)
			ProcessInitializeOnLoadMethodAttributes (73ms)
			AfterProcessingInitializeOnLoad (9ms)
			EditorAssembliesLoaded (0ms)
		ExecutionOrderSort2 (0ms)
		AwakeInstancesAfterBackupRestoration (11ms)
Launched and connected shader compiler UnityShaderCompiler.exe after 0.05 seconds
Refreshing native plugins compatible for Editor in 6.80 ms, found 3 plugins.
Preloading 0 native plugins for Editor in 0.00 ms.
Unloading 6454 Unused Serialized files (Serialized files now loaded: 0)
Unloading 91 unused Assets / (0.8 MB). Loaded Objects now: 6913.
Memory consumption went from 241.1 MB to 240.3 MB.
Total: 6.358600 ms (FindLiveObjects: 0.994000 ms CreateObjectMapping: 0.890600 ms MarkObjects: 4.106400 ms  DeleteObjects: 0.366800 ms)

AssetImportParameters requested are different than current active one (requested -> active):
  custom:container-demuxer-ogg: 62fdf1f143b41e24485cea50d1cbac27 -> 
  custom:framework-win-MediaFoundation: 216162199b28c13a410421893ffa2e32 -> 
  custom:container-muxer-webm: aa71ff27fc2769a1b78a27578f13a17b -> 
  custom:video-decoder-webm-vp8: 9c59270c3fd7afecdb556c50c9e8de78 -> 
  custom:SearchIndexIgnoredProperties: e643bd26f0fe6173181afceb89e7c659 -> 
  custom:AudioImporter_EditorPlatform: d09bf68614088b80899f8185d706f6e7 -> 
  custom:audio-decoder-ogg-vorbis: bf7c407c2cedff20999df2af8eb42d56 -> 
  custom:audio-encoder-webm-vorbis: bf7c407c2cedff20999df2af8eb42d56 -> 
  custom:video-codec-MediaFoundation-h265: 746d11721c4dcdbdad8f713fa42b33f4 -> 
  custom:video-decoder-ogg-theora: a1e56fd34408186e4bbccfd4996cb3dc -> 
  custom:CustomObjectIndexerAttribute: a3ef5dd2817f97addfee359851a9dba5 -> 
  custom:container-demuxer-webm: 4f35f7cbe854078d1ac9338744f61a02 -> 
  custom:video-encoder-webm-vp8: eb34c28f22e8b96e1ab97ce403110664 -> 
========================================================================
Received Import Request.
  Time since last request: 410200.520827 seconds.
  path: Assets/3D Imports/FBX/iMac M1/Materials/Bezzel.mat
  artifactKey: Guid(3866f5c3b9d88d547961be8f30cd95f0) Importer(815301076,1909f56bfc062723c751e8b465ee728b)
Start importing Assets/3D Imports/FBX/iMac M1/Materials/Bezzel.mat using Guid(3866f5c3b9d88d547961be8f30cd95f0) Importer(815301076,1909f56bfc062723c751e8b465ee728b)  -> (artifact id: '3f47471c6c745fe9f99809d584144887') in 0.374810 seconds
Number of updated asset objects reloaded before import = 0
Number of asset objects unloaded after import = 2
========================================================================
Received Import Request.
  Time since last request: 0.000057 seconds.
  path: Assets/3D Imports/FBX/iMac M1/Materials/Mouse_Top_Logo.mat
  artifactKey: Guid(1bf618b9ab39d75499b2dc80c8a2420d) Importer(815301076,1909f56bfc062723c751e8b465ee728b)
Start importing Assets/3D Imports/FBX/iMac M1/Materials/Mouse_Top_Logo.mat using Guid(1bf618b9ab39d75499b2dc80c8a2420d) Importer(815301076,1909f56bfc062723c751e8b465ee728b)  -> (artifact id: '168c1472e14ee17759e61b8861f25595') in 1.990123 seconds
Number of updated asset objects reloaded before import = 0
Number of asset objects unloaded after import = 2
========================================================================
Received Import Request.
  Time since last request: 0.000031 seconds.
  path: Assets/3D Imports/FBX/iMac M1/Materials/Rubber_Feet.mat
  artifactKey: Guid(bd409640c5fce594cbb10f5379581c42) Importer(815301076,1909f56bfc062723c751e8b465ee728b)
Start importing Assets/3D Imports/FBX/iMac M1/Materials/Rubber_Feet.mat using Guid(bd409640c5fce594cbb10f5379581c42) Importer(815301076,1909f56bfc062723c751e8b465ee728b)  -> (artifact id: 'cc2ec5aa351e4e122f0f113158d73973') in 0.010473 seconds
Number of updated asset objects reloaded before import = 0
Number of asset objects unloaded after import = 2
========================================================================
Received Import Request.
  Time since last request: 0.000042 seconds.
  path: Assets/3D Imports/FBX/iMac M1/Materials/Main.mat
  artifactKey: Guid(0888c80df2573e94c8e5c14d4ea1a4e2) Importer(815301076,1909f56bfc062723c751e8b465ee728b)
Start importing Assets/3D Imports/FBX/iMac M1/Materials/Main.mat using Guid(0888c80df2573e94c8e5c14d4ea1a4e2) Importer(815301076,1909f56bfc062723c751e8b465ee728b)  -> (artifact id: '2bef4328bf867aabda107f9351ddf4f1') in 0.024989 seconds
Number of updated asset objects reloaded before import = 0
Number of asset objects unloaded after import = 2
========================================================================
Received Import Request.
  Time since last request: 0.000034 seconds.
  path: Assets/3D Imports/FBX/iMac M1/Materials/Keyboard_Base2.mat
  artifactKey: Guid(dda856533c739314d90043618d273e11) Importer(815301076,1909f56bfc062723c751e8b465ee728b)
Start importing Assets/3D Imports/FBX/iMac M1/Materials/Keyboard_Base2.mat using Guid(dda856533c739314d90043618d273e11) Importer(815301076,1909f56bfc062723c751e8b465ee728b)  -> (artifact id: 'a71e05300d1050423df5a64490dd37a2') in 0.013480 seconds
Number of updated asset objects reloaded before import = 0
Number of asset objects unloaded after import = 2
========================================================================
Received Import Request.
  Time since last request: 0.000026 seconds.
  path: Assets/3D Imports/FBX/iMac M1/Materials/Mouse_Rubber.mat
  artifactKey: Guid(3f47f45ee471b9544b3d2c2e0ce31ffc) Importer(815301076,1909f56bfc062723c751e8b465ee728b)
Start importing Assets/3D Imports/FBX/iMac M1/Materials/Mouse_Rubber.mat using Guid(3f47f45ee471b9544b3d2c2e0ce31ffc) Importer(815301076,1909f56bfc062723c751e8b465ee728b)  -> (artifact id: '17aaf73b1575669bea44a037fa1ee4da') in 0.012152 seconds
Number of updated asset objects reloaded before import = 0
Number of asset objects unloaded after import = 2
========================================================================
Received Import Request.
  Time since last request: 0.000032 seconds.
  path: Assets/3D Imports/FBX/iMac M1/Materials/Camera.mat
  artifactKey: Guid(f0ed9d73bcabfcf41b14797103798d88) Importer(815301076,1909f56bfc062723c751e8b465ee728b)
Start importing Assets/3D Imports/FBX/iMac M1/Materials/Camera.mat using Guid(f0ed9d73bcabfcf41b14797103798d88) Importer(815301076,1909f56bfc062723c751e8b465ee728b)  -> (artifact id: '5a7f80c693f7bd4823658bcc3afc649e') in 0.029541 seconds
Number of updated asset objects reloaded before import = 0
Number of asset objects unloaded after import = 2
========================================================================
Received Import Request.
  Time since last request: 0.000047 seconds.
  path: Assets/3D Imports/FBX/iMac M1/Materials/Keyboard_Keys1.mat
  artifactKey: Guid(065e16555fd91c24d8ce78711b4f7a06) Importer(815301076,1909f56bfc062723c751e8b465ee728b)
Start importing Assets/3D Imports/FBX/iMac M1/Materials/Keyboard_Keys1.mat using Guid(065e16555fd91c24d8ce78711b4f7a06) Importer(815301076,1909f56bfc062723c751e8b465ee728b)  -> (artifact id: '91207c897e59ac66bd682126db642878') in 0.010235 seconds
Number of updated asset objects reloaded before import = 0
Number of asset objects unloaded after import = 2
========================================================================
Received Import Request.
  Time since last request: 0.000023 seconds.
  path: Assets/3D Imports/FBX/iMac M1/Materials/Legs002.mat
  artifactKey: Guid(331a6bd37b7d02f439ea5d325b4d6fb0) Importer(815301076,1909f56bfc062723c751e8b465ee728b)
Start importing Assets/3D Imports/FBX/iMac M1/Materials/Legs002.mat using Guid(331a6bd37b7d02f439ea5d325b4d6fb0) Importer(815301076,1909f56bfc062723c751e8b465ee728b)  -> (artifact id: '31a1f38af44329c3d14a28c5b32fe4c2') in 0.008339 seconds
Number of updated asset objects reloaded before import = 0
Number of asset objects unloaded after import = 2
========================================================================
Received Import Request.
  Time since last request: 0.000022 seconds.
  path: Assets/3D Imports/FBX/iMac M1/Materials/Mouse_Base.mat
  artifactKey: Guid(d00c7c63a49721840bb3b541db508df6) Importer(815301076,1909f56bfc062723c751e8b465ee728b)
Start importing Assets/3D Imports/FBX/iMac M1/Materials/Mouse_Base.mat using Guid(d00c7c63a49721840bb3b541db508df6) Importer(815301076,1909f56bfc062723c751e8b465ee728b)  -> (artifact id: '9265ba1330f5dd9f76db7f93dcd703e2') in 0.010333 seconds
Number of updated asset objects reloaded before import = 0
Number of asset objects unloaded after import = 2
========================================================================
Received Import Request.
  Time since last request: 0.006498 seconds.
  path: Assets/3D Imports/FBX/iMac M1/Materials/PowerPort.mat
  artifactKey: Guid(296a3c92e640b014bbf3b7b191d8753e) Importer(815301076,1909f56bfc062723c751e8b465ee728b)
Start importing Assets/3D Imports/FBX/iMac M1/Materials/PowerPort.mat using Guid(296a3c92e640b014bbf3b7b191d8753e) Importer(815301076,1909f56bfc062723c751e8b465ee728b)  -> (artifact id: 'bc0b055c29fac00521a3e7519c1a4d46') in 0.011257 seconds
Number of updated asset objects reloaded before import = 0
Number of asset objects unloaded after import = 2
========================================================================
Received Import Request.
  Time since last request: 0.000029 seconds.
  path: Assets/3D Imports/FBX/iMac M1/Materials/Legs001.mat
  artifactKey: Guid(4c588020db303074aa4c9cfa5cb59b57) Importer(815301076,1909f56bfc062723c751e8b465ee728b)
Start importing Assets/3D Imports/FBX/iMac M1/Materials/Legs001.mat using Guid(4c588020db303074aa4c9cfa5cb59b57) Importer(815301076,1909f56bfc062723c751e8b465ee728b)  -> (artifact id: '0f1fe15e0ab8023d872365aafa8b1372') in 0.012721 seconds
Number of updated asset objects reloaded before import = 0
Number of asset objects unloaded after import = 2
========================================================================
Received Import Request.
  Time since last request: 0.000019 seconds.
  path: Assets/3D Imports/FBX/iMac M1/Materials/Keyboard_Keys2.mat
  artifactKey: Guid(19fa5cad0b7b3ac4cb19f0149c0f2501) Importer(815301076,1909f56bfc062723c751e8b465ee728b)
Start importing Assets/3D Imports/FBX/iMac M1/Materials/Keyboard_Keys2.mat using Guid(19fa5cad0b7b3ac4cb19f0149c0f2501) Importer(815301076,1909f56bfc062723c751e8b465ee728b)  -> (artifact id: 'd5a317fb2cdc64ac0d870c6b1f12d447') in 0.023097 seconds
Number of updated asset objects reloaded before import = 0
Number of asset objects unloaded after import = 3
========================================================================
Received Import Request.
  Time since last request: 0.000028 seconds.
  path: Assets/3D Imports/FBX/iMac M1/Materials/HeadphoneJack.mat
  artifactKey: Guid(22c9989b51f99b14c910984824b7b96c) Importer(815301076,1909f56bfc062723c751e8b465ee728b)
Start importing Assets/3D Imports/FBX/iMac M1/Materials/HeadphoneJack.mat using Guid(22c9989b51f99b14c910984824b7b96c) Importer(815301076,1909f56bfc062723c751e8b465ee728b)  -> (artifact id: 'a31ece039b9ece9097c4a114ccc52f06') in 0.013899 seconds
Number of updated asset objects reloaded before import = 0
Number of asset objects unloaded after import = 2
========================================================================
Received Import Request.
  Time since last request: 0.000028 seconds.
  path: Assets/3D Imports/FBX/iMac M1/Materials/Mouse_Sensor.mat
  artifactKey: Guid(698f8eec72fec944f8718b880beb3a77) Importer(815301076,1909f56bfc062723c751e8b465ee728b)
Start importing Assets/3D Imports/FBX/iMac M1/Materials/Mouse_Sensor.mat using Guid(698f8eec72fec944f8718b880beb3a77) Importer(815301076,1909f56bfc062723c751e8b465ee728b)  -> (artifact id: 'd1bf8a69c9d6d949f951dd5ca24dd821') in 0.015233 seconds
Number of updated asset objects reloaded before import = 0
Number of asset objects unloaded after import = 2
========================================================================
Received Import Request.
  Time since last request: 0.000090 seconds.
  path: Assets/3D Imports/FBX/iMac M1/Materials/Mouse_Top.mat
  artifactKey: Guid(fbf5028b98caa9d4faaa50896c47d4b9) Importer(815301076,1909f56bfc062723c751e8b465ee728b)
Start importing Assets/3D Imports/FBX/iMac M1/Materials/Mouse_Top.mat using Guid(fbf5028b98caa9d4faaa50896c47d4b9) Importer(815301076,1909f56bfc062723c751e8b465ee728b)  -> (artifact id: 'dcca8dae547c043c583b1f2797085d94') in 0.022276 seconds
Number of updated asset objects reloaded before import = 0
Number of asset objects unloaded after import = 2
========================================================================
Received Import Request.
  Time since last request: 0.000063 seconds.
  path: Assets/3D Imports/FBX/iMac M1/Materials/PowerButton.mat
  artifactKey: Guid(fd6af1f72f5f51f4190cfe4b80188675) Importer(815301076,1909f56bfc062723c751e8b465ee728b)
Start importing Assets/3D Imports/FBX/iMac M1/Materials/PowerButton.mat using Guid(fd6af1f72f5f51f4190cfe4b80188675) Importer(815301076,1909f56bfc062723c751e8b465ee728b)  -> (artifact id: '2051bb85b34bb758ae3ea252a1444f3c') in 0.014553 seconds
Number of updated asset objects reloaded before import = 0
Number of asset objects unloaded after import = 2
========================================================================
Received Import Request.
  Time since last request: 0.000036 seconds.
  path: Assets/3D Imports/FBX/iMac M1/Materials/Mouse_Logo.mat
  artifactKey: Guid(66440b6f19cb72a49b2475fc36daa25b) Importer(815301076,1909f56bfc062723c751e8b465ee728b)
Start importing Assets/3D Imports/FBX/iMac M1/Materials/Mouse_Logo.mat using Guid(66440b6f19cb72a49b2475fc36daa25b) Importer(815301076,1909f56bfc062723c751e8b465ee728b)  -> (artifact id: 'ac66a9f28377aeb8d83892b6be0182ad') in 0.012601 seconds
Number of updated asset objects reloaded before import = 0
Number of asset objects unloaded after import = 2
========================================================================
Received Import Request.
  Time since last request: 0.000115 seconds.
  path: Assets/3D Imports/FBX/iMac M1/Materials/Keyboard_TouchID.mat
  artifactKey: Guid(2945c3fbdf62aac41a4695cc72036ffa) Importer(815301076,1909f56bfc062723c751e8b465ee728b)
Start importing Assets/3D Imports/FBX/iMac M1/Materials/Keyboard_TouchID.mat using Guid(2945c3fbdf62aac41a4695cc72036ffa) Importer(815301076,1909f56bfc062723c751e8b465ee728b)  -> (artifact id: '18516a46583d38095d3358487fe2d329') in 0.013423 seconds
Number of updated asset objects reloaded before import = 0
Number of asset objects unloaded after import = 2
========================================================================
Received Import Request.
  Time since last request: 0.000025 seconds.
  path: Assets/3D Imports/FBX/iMac M1/Materials/Keyboard_Ports.mat
  artifactKey: Guid(73080c61ef6f01d458a0e53c0cf88d14) Importer(815301076,1909f56bfc062723c751e8b465ee728b)
Start importing Assets/3D Imports/FBX/iMac M1/Materials/Keyboard_Ports.mat using Guid(73080c61ef6f01d458a0e53c0cf88d14) Importer(815301076,1909f56bfc062723c751e8b465ee728b)  -> (artifact id: '0b249c67e9a95d922b567f96b76b0d8e') in 0.011036 seconds
Number of updated asset objects reloaded before import = 0
Number of asset objects unloaded after import = 2
========================================================================
Received Import Request.
  Time since last request: 323.367268 seconds.
  path: Assets/BigFurniturePack/Prefabs/Sofas&Chairs/chair_1.prefab
  artifactKey: Guid(d2a377b97363a554a96a26b876de1213) Importer(815301076,1909f56bfc062723c751e8b465ee728b)
Start importing Assets/BigFurniturePack/Prefabs/Sofas&Chairs/chair_1.prefab using Guid(d2a377b97363a554a96a26b876de1213) Importer(815301076,1909f56bfc062723c751e8b465ee728b)  -> (artifact id: 'b41bee5350e52dc913807c64759ed462') in 0.047426 seconds
Number of updated asset objects reloaded before import = 0
Number of asset objects unloaded after import = 21
========================================================================
Received Import Request.
  Time since last request: 0.000048 seconds.
  path: Assets/BigFurniturePack/Models/chair_3.FBX
  artifactKey: Guid(96677e1b867387e4bb7924c004052745) Importer(815301076,1909f56bfc062723c751e8b465ee728b)
Start importing Assets/BigFurniturePack/Models/chair_3.FBX using Guid(96677e1b867387e4bb7924c004052745) Importer(815301076,1909f56bfc062723c751e8b465ee728b)  -> (artifact id: 'e891784243713f6e394cc042b0e953de') in 0.100585 seconds
Number of updated asset objects reloaded before import = 0
Number of asset objects unloaded after import = 25
========================================================================
Received Import Request.
  Time since last request: 0.000034 seconds.
  path: Assets/BigFurniturePack/Models/modular_kitchen_table_1.FBX
  artifactKey: Guid(96c37495b1e4bc24db136dfffb14b0ef) Importer(815301076,1909f56bfc062723c751e8b465ee728b)
Start importing Assets/BigFurniturePack/Models/modular_kitchen_table_1.FBX using Guid(96c37495b1e4bc24db136dfffb14b0ef) Importer(815301076,1909f56bfc062723c751e8b465ee728b)  -> (artifact id: '38f417d4501f0aae08cdd193165b1203') in 0.074695 seconds
Number of updated asset objects reloaded before import = 0
Number of asset objects unloaded after import = 30
========================================================================
Received Import Request.
  Time since last request: 0.000027 seconds.
  path: Assets/BigFurniturePack/Models/chair_2.FBX
  artifactKey: Guid(09ab09c4c72d1bc42b19fdae40567808) Importer(815301076,1909f56bfc062723c751e8b465ee728b)
Start importing Assets/BigFurniturePack/Models/chair_2.FBX using Guid(09ab09c4c72d1bc42b19fdae40567808) Importer(815301076,1909f56bfc062723c751e8b465ee728b)  -> (artifact id: '25a5f975e1c63ccd7f8098f41a626001') in 0.051548 seconds
Number of updated asset objects reloaded before import = 0
Number of asset objects unloaded after import = 20
========================================================================
Received Import Request.
  Time since last request: 0.000021 seconds.
  path: Assets/BigFurniturePack/Models/kitchen_table_1.FBX
  artifactKey: Guid(d52b48341389f7146849499fed53440d) Importer(815301076,1909f56bfc062723c751e8b465ee728b)
Start importing Assets/BigFurniturePack/Models/kitchen_table_1.FBX using Guid(d52b48341389f7146849499fed53440d) Importer(815301076,1909f56bfc062723c751e8b465ee728b)  -> (artifact id: 'b76ca4c841ee33d84e19ecce2184bbe5') in 0.046344 seconds
Number of updated asset objects reloaded before import = 0
Number of asset objects unloaded after import = 15
========================================================================
Received Import Request.
  Time since last request: 0.000047 seconds.
  path: Assets/BigFurniturePack/Models/modular_kitchen_table_2.FBX
  artifactKey: Guid(0e0146a28c9ff004db1a9e81b928b4a9) Importer(815301076,1909f56bfc062723c751e8b465ee728b)
Start importing Assets/BigFurniturePack/Models/modular_kitchen_table_2.FBX using Guid(0e0146a28c9ff004db1a9e81b928b4a9) Importer(815301076,1909f56bfc062723c751e8b465ee728b)  -> (artifact id: '9848d1574f2a755c13f272cd40d18da3') in 0.076981 seconds
Number of updated asset objects reloaded before import = 0
Number of asset objects unloaded after import = 30
========================================================================
Received Import Request.
  Time since last request: 0.000044 seconds.
  path: Assets/BigFurniturePack/Models/chair_4.FBX
  artifactKey: Guid(0cd7a7c221fea2f449a3fe6027a20675) Importer(815301076,1909f56bfc062723c751e8b465ee728b)
Start importing Assets/BigFurniturePack/Models/chair_4.FBX using Guid(0cd7a7c221fea2f449a3fe6027a20675) Importer(815301076,1909f56bfc062723c751e8b465ee728b)  -> (artifact id: '7c805f62a211cc9c30ee63cabad4188e') in 0.088328 seconds
Number of updated asset objects reloaded before import = 0
Number of asset objects unloaded after import = 35
========================================================================
Received Import Request.
  Time since last request: 0.000027 seconds.
  path: Assets/BigFurniturePack/Models/kitchen_chair_1.FBX
  artifactKey: Guid(aab68a45c7d5bcb428bbbfbda224b2cb) Importer(815301076,1909f56bfc062723c751e8b465ee728b)
Start importing Assets/BigFurniturePack/Models/kitchen_chair_1.FBX using Guid(aab68a45c7d5bcb428bbbfbda224b2cb) Importer(815301076,1909f56bfc062723c751e8b465ee728b)  -> (artifact id: '2c14b5480a2b4ea51953a3127e350503') in 0.054279 seconds
Number of updated asset objects reloaded before import = 0
Number of asset objects unloaded after import = 15
========================================================================
Received Import Request.
  Time since last request: 0.000021 seconds.
  path: Assets/BigFurniturePack/Models/modular_kitchen_table_4_INV.FBX
  artifactKey: Guid(e0ad2445b80d32344a8a06323161c05d) Importer(815301076,1909f56bfc062723c751e8b465ee728b)
Start importing Assets/BigFurniturePack/Models/modular_kitchen_table_4_INV.FBX using Guid(e0ad2445b80d32344a8a06323161c05d) Importer(815301076,1909f56bfc062723c751e8b465ee728b)  -> (artifact id: '9821ee4aa299cdec4bf24369406ebf06') in 0.127976 seconds
Number of updated asset objects reloaded before import = 0
Number of asset objects unloaded after import = 55
========================================================================
Received Import Request.
  Time since last request: 0.000027 seconds.
  path: Assets/BigFurniturePack/Prefabs/Sofas&Chairs/kitchen_chair_2.prefab
  artifactKey: Guid(410463ba8bd9a484cb3ab355dc962d1d) Importer(815301076,1909f56bfc062723c751e8b465ee728b)
Start importing Assets/BigFurniturePack/Prefabs/Sofas&Chairs/kitchen_chair_2.prefab using Guid(410463ba8bd9a484cb3ab355dc962d1d) Importer(815301076,1909f56bfc062723c751e8b465ee728b)  -> (artifact id: '351fefaba51c2bfe2c3e2d955e80793c') in 0.029264 seconds
Number of updated asset objects reloaded before import = 0
Number of asset objects unloaded after import = 21
========================================================================
Received Import Request.
  Time since last request: 0.000089 seconds.
  path: Assets/BigFurniturePack/Models/kitchen_chair_2.FBX
  artifactKey: Guid(d0f986f95aaf0db4a90ebaf27e21d7a6) Importer(815301076,1909f56bfc062723c751e8b465ee728b)
Start importing Assets/BigFurniturePack/Models/kitchen_chair_2.FBX using Guid(d0f986f95aaf0db4a90ebaf27e21d7a6) Importer(815301076,1909f56bfc062723c751e8b465ee728b)  -> (artifact id: '0f6275d08a0755dc63597dce40690602') in 0.069781 seconds
Number of updated asset objects reloaded before import = 0
Number of asset objects unloaded after import = 20
========================================================================
Received Import Request.
  Time since last request: 0.000044 seconds.
  path: Assets/BigFurniturePack/Prefabs/Modular kitchen/modular_kitchen_table_1.prefab
  artifactKey: Guid(8bc0238f058e4164f9eb9123a975cbe6) Importer(815301076,1909f56bfc062723c751e8b465ee728b)
Start importing Assets/BigFurniturePack/Prefabs/Modular kitchen/modular_kitchen_table_1.prefab using Guid(8bc0238f058e4164f9eb9123a975cbe6) Importer(815301076,1909f56bfc062723c751e8b465ee728b)  -> (artifact id: '6dd2e0fcc28af63b0d193cf5a0a14afe') in 0.022679 seconds
Number of updated asset objects reloaded before import = 0
Number of asset objects unloaded after import = 31
========================================================================
Received Import Request.
  Time since last request: 0.000020 seconds.
  path: Assets/BigFurniturePack/Models/kitchen_table_2.FBX
  artifactKey: Guid(e0853bea36301e940b5337e376f64f85) Importer(815301076,1909f56bfc062723c751e8b465ee728b)
Start importing Assets/BigFurniturePack/Models/kitchen_table_2.FBX using Guid(e0853bea36301e940b5337e376f64f85) Importer(815301076,1909f56bfc062723c751e8b465ee728b)  -> (artifact id: 'e88009ddfd61a058859705dd8e72128a') in 0.051614 seconds
Number of updated asset objects reloaded before import = 0
Number of asset objects unloaded after import = 15
========================================================================
Received Import Request.
  Time since last request: 0.000043 seconds.
  path: Assets/BigFurniturePack/Models/kitchen_shelf_corner_INV.FBX
  artifactKey: Guid(1585cbd1e4512a245b1657178702397d) Importer(815301076,1909f56bfc062723c751e8b465ee728b)
Start importing Assets/BigFurniturePack/Models/kitchen_shelf_corner_INV.FBX using Guid(1585cbd1e4512a245b1657178702397d) Importer(815301076,1909f56bfc062723c751e8b465ee728b)  -> (artifact id: '91d355a8067e6aad300c8ec7b31a6fc5') in 0.059165 seconds
Number of updated asset objects reloaded before import = 0
Number of asset objects unloaded after import = 20
========================================================================
Received Import Request.
  Time since last request: 0.000037 seconds.
  path: Assets/BigFurniturePack/Models/kitchen_shelf_corner.FBX
  artifactKey: Guid(661cb1c9ddb722043a13fb3fcfe0ebc2) Importer(815301076,1909f56bfc062723c751e8b465ee728b)
Start importing Assets/BigFurniturePack/Models/kitchen_shelf_corner.FBX using Guid(661cb1c9ddb722043a13fb3fcfe0ebc2) Importer(815301076,1909f56bfc062723c751e8b465ee728b)  -> (artifact id: 'afd4132b1cdfb47e120526c740e158fa') in 0.056064 seconds
Number of updated asset objects reloaded before import = 0
Number of asset objects unloaded after import = 20
========================================================================
Received Import Request.
  Time since last request: 0.000070 seconds.
  path: Assets/BigFurniturePack/Prefabs/Modular kitchen/kitchen_shelf_1.prefab
  artifactKey: Guid(bab2957dd377aea42995c59df2777846) Importer(815301076,1909f56bfc062723c751e8b465ee728b)
Start importing Assets/BigFurniturePack/Prefabs/Modular kitchen/kitchen_shelf_1.prefab using Guid(bab2957dd377aea42995c59df2777846) Importer(815301076,1909f56bfc062723c751e8b465ee728b)  -> (artifact id: '48b2c444325439bd8cee79c867890f1b') in 0.024679 seconds
Number of updated asset objects reloaded before import = 0
Number of asset objects unloaded after import = 31
Editor requested this worker to shutdown with reason: Scaling down because of idle timeout
TcpMessagingSession - receive error: operation aborted. errorcode: 995, details: The I/O operation has been aborted because of either a thread exit or an application request.
AssetImportWorker is now disconnected from the server
Process exiting
Exiting without the bug reporter. Application will terminate with return code 0