Using pre-set license
Built from '2022.3/staging' branch; Version is '2022.3.8f1 (b5eafc012955) revision 11922172'; Using compiler version '192829333'; Build Type 'Release'
OS: 'Windows 11  (10.0.22621) 64bit Professional' Language: 'en' Physical Memory: 16160 MB
BatchMode: 1, IsHumanControllingUs: 0, StartBugReporterOnCrash: 0, Is64bit: 1, IsPro: 1

COMMAND LINE ARGUMENTS:
C:\Program Files\Unity\Hub\Editor\2022.3.8f1\Editor\Unity.exe
-adb2
-batchMode
-noUpm
-name
AssetImportWorker15
-projectPath
C:/Users/Samuel Lee/Documents/Developer/Unity Projects/UVRCast
-logFile
Logs/AssetImportWorker15.log
-srvPort
57376
Successfully changed project path to: C:/Users/Samuel Lee/Documents/Developer/Unity Projects/UVRCast
C:/Users/Samuel Lee/Documents/Developer/Unity Projects/UVRCast
[UnityMemory] Configuration Parameters - Can be set up in boot.config
    "memorysetup-bucket-allocator-granularity=16"
    "memorysetup-bucket-allocator-bucket-count=8"
    "memorysetup-bucket-allocator-block-size=33554432"
    "memorysetup-bucket-allocator-block-count=8"
    "memorysetup-main-allocator-block-size=16777216"
    "memorysetup-thread-allocator-block-size=16777216"
    "memorysetup-gfx-main-allocator-block-size=16777216"
    "memorysetup-gfx-thread-allocator-block-size=16777216"
    "memorysetup-cache-allocator-block-size=4194304"
    "memorysetup-typetree-allocator-block-size=2097152"
    "memorysetup-profiler-bucket-allocator-granularity=16"
    "memorysetup-profiler-bucket-allocator-bucket-count=8"
    "memorysetup-profiler-bucket-allocator-block-size=33554432"
    "memorysetup-profiler-bucket-allocator-block-count=8"
    "memorysetup-profiler-allocator-block-size=16777216"
    "memorysetup-profiler-editor-allocator-block-size=1048576"
    "memorysetup-temp-allocator-size-main=16777216"
    "memorysetup-job-temp-allocator-block-size=2097152"
    "memorysetup-job-temp-allocator-block-size-background=1048576"
    "memorysetup-job-temp-allocator-reduction-small-platforms=262144"
    "memorysetup-allocator-temp-initial-block-size-main=262144"
    "memorysetup-allocator-temp-initial-block-size-worker=262144"
    "memorysetup-temp-allocator-size-background-worker=32768"
    "memorysetup-temp-allocator-size-job-worker=262144"
    "memorysetup-temp-allocator-size-preload-manager=33554432"
    "memorysetup-temp-allocator-size-nav-mesh-worker=65536"
    "memorysetup-temp-allocator-size-audio-worker=65536"
    "memorysetup-temp-allocator-size-cloud-worker=32768"
    "memorysetup-temp-allocator-size-gi-baking-worker=262144"
    "memorysetup-temp-allocator-size-gfx=262144"
Player connection [24092] Host "[IP] 192.168.0.9 [Port] 0 [Flags] 2 [Guid] 1776633547 [EditorId] 1776633547 [Version] 1048832 [Id] WindowsEditor(7,EliteDesk) [Debug] 1 [PackageName] WindowsEditor [ProjectName] Editor" joined multi-casting on [225.0.0.222:54997]...

Player connection [24092] Host "[IP] 192.168.0.9 [Port] 0 [Flags] 2 [Guid] 1776633547 [EditorId] 1776633547 [Version] 1048832 [Id] WindowsEditor(7,EliteDesk) [Debug] 1 [PackageName] WindowsEditor [ProjectName] Editor" joined alternative multi-casting on [225.0.0.222:34997]...

[Physics::Module] Initialized MultithreadedJobDispatcher with 15 workers.
Refreshing native plugins compatible for Editor in 11.95 ms, found 3 plugins.
Preloading 0 native plugins for Editor in 0.00 ms.
Initialize engine version: 2022.3.8f1 (b5eafc012955)
[Subsystems] Discovering subsystems at path C:/Program Files/Unity/Hub/Editor/2022.3.8f1/Editor/Data/Resources/UnitySubsystems
[Subsystems] Discovering subsystems at path C:/Users/Samuel Lee/Documents/Developer/Unity Projects/UVRCast/Assets
GfxDevice: creating device client; threaded=0; jobified=0
Direct3D:
    Version:  Direct3D 11.0 [level 11.1]
    Renderer: NVIDIA GeForce GTX 1050 Ti (ID=0x1c82)
    Vendor:   NVIDIA
    VRAM:     4017 MB
    Driver:   31.0.15.3713
Initialize mono
Mono path[0] = 'C:/Program Files/Unity/Hub/Editor/2022.3.8f1/Editor/Data/Managed'
Mono path[1] = 'C:/Program Files/Unity/Hub/Editor/2022.3.8f1/Editor/Data/MonoBleedingEdge/lib/mono/unityjit-win32'
Mono config path = 'C:/Program Files/Unity/Hub/Editor/2022.3.8f1/Editor/Data/MonoBleedingEdge/etc'
Using monoOptions --debugger-agent=transport=dt_socket,embedding=1,server=y,suspend=n,address=127.0.0.1:56080
Begin MonoManager ReloadAssembly
Registering precompiled unity dll's ...
Register platform support module: C:/Program Files/Unity/Hub/Editor/2022.3.8f1/Editor/Data/PlaybackEngines/WebGLSupport/UnityEditor.WebGL.Extensions.dll
Register platform support module: C:/Program Files/Unity/Hub/Editor/2022.3.8f1/Editor/Data/PlaybackEngines/MacStandaloneSupport/UnityEditor.OSXStandalone.Extensions.dll
Register platform support module: C:/Program Files/Unity/Hub/Editor/2022.3.8f1/Editor/Data/PlaybackEngines/AndroidPlayer/UnityEditor.Android.Extensions.dll
Register platform support module: C:/Program Files/Unity/Hub/Editor/2022.3.8f1/Editor/Data/PlaybackEngines/iOSSupport/UnityEditor.iOS.Extensions.dll
Register platform support module: C:/Program Files/Unity/Hub/Editor/2022.3.8f1/Editor/Data/PlaybackEngines/AppleTVSupport/UnityEditor.AppleTV.Extensions.dll
Register platform support module: C:/Program Files/Unity/Hub/Editor/2022.3.8f1/Editor/Data/PlaybackEngines/WindowsStandaloneSupport/UnityEditor.WindowsStandalone.Extensions.dll
Register platform support module: C:/Program Files/Unity/Hub/Editor/2022.3.8f1/Editor/Data/PlaybackEngines/LinuxStandaloneSupport/UnityEditor.LinuxStandalone.Extensions.dll
Register platform support module: C:/Program Files/Unity/Hub/Editor/2022.3.8f1/Editor/Data/PlaybackEngines/MetroSupport/UnityEditor.UWP.Extensions.dll
Registered in 0.022085 seconds.
- Loaded All Assemblies, in  0.554 seconds
Native extension for UWP target not found
Native extension for LinuxStandalone target not found
Native extension for WindowsStandalone target not found
Native extension for AppleTV target not found
Native extension for iOS target not found
Native extension for Android target not found
Android Extension - Scanning For ADB Devices 468 ms
Native extension for OSXStandalone target not found
Native extension for WebGL target not found
Mono: successfully reloaded assembly
- Finished resetting the current domain, in  0.933 seconds
Domain Reload Profiling: 1485ms
	BeginReloadAssembly (163ms)
		ExecutionOrderSort (0ms)
		DisableScriptedObjects (0ms)
		BackupInstance (0ms)
		ReleaseScriptingObjects (0ms)
		CreateAndSetChildDomain (2ms)
	RebuildCommonClasses (58ms)
	RebuildNativeTypeToScriptingClass (13ms)
	initialDomainReloadingComplete (88ms)
	LoadAllAssembliesAndSetupDomain (230ms)
		LoadAssemblies (161ms)
		RebuildTransferFunctionScriptingTraits (0ms)
		AnalyzeDomain (225ms)
			TypeCache.Refresh (223ms)
				TypeCache.ScanAssembly (198ms)
			ScanForSourceGeneratedMonoScriptInfo (0ms)
			ResolveRequiredComponents (1ms)
	FinalizeReload (934ms)
		ReleaseScriptCaches (0ms)
		RebuildScriptCaches (0ms)
		SetupLoadedEditorAssemblies (847ms)
			LogAssemblyErrors (0ms)
			InitializePlatformSupportModulesInManaged (646ms)
			SetLoadedEditorAssemblies (6ms)
			RefreshPlugins (0ms)
			BeforeProcessingInitializeOnLoad (2ms)
			ProcessInitializeOnLoadAttributes (126ms)
			ProcessInitializeOnLoadMethodAttributes (66ms)
			AfterProcessingInitializeOnLoad (0ms)
			EditorAssembliesLoaded (0ms)
		ExecutionOrderSort2 (0ms)
		AwakeInstancesAfterBackupRestoration (0ms)
========================================================================
Worker process is ready to serve import requests
Begin MonoManager ReloadAssembly
- Loaded All Assemblies, in  0.882 seconds
Refreshing native plugins compatible for Editor in 3.98 ms, found 3 plugins.
Native extension for UWP target not found
Native extension for LinuxStandalone target not found
Native extension for WindowsStandalone target not found
Native extension for AppleTV target not found
Native extension for iOS target not found
Native extension for Android target not found
Native extension for OSXStandalone target not found
Native extension for WebGL target not found
Package Manager log level set to [2]
[Package Manager] Server::EnsureServerProcessIsRunning -- launch failed, reason: Unity was launched with the -noUpm command-line argument
[Package Manager] UpmClient::Send -- Unable to send message (not connected to UPM process).
[Package Manager] Cannot connect to Unity Package Manager local server
[Package Manager] Server::EnsureServerProcessIsRunning -- launch failed, reason: Unity was launched with the -noUpm command-line argument
[Package Manager] UpmClient::Send -- Unable to send message (not connected to UPM process).
[Package Manager] Cannot connect to Unity Package Manager local server
Mono: successfully reloaded assembly
[Package Manager] Server::EnsureServerProcessIsRunning -- launch failed, reason: Unity was launched with the -noUpm command-line argument
[Package Manager] UpmClient::Send -- Unable to send message (not connected to UPM process).
[Package Manager] Cannot connect to Unity Package Manager local server
[Package Manager] Server::EnsureServerProcessIsRunning -- launch failed, reason: Unity was launched with the -noUpm command-line argument
[Package Manager] UpmClient::Send -- Unable to send message (not connected to UPM process).
[Package Manager] Cannot connect to Unity Package Manager local server
- Finished resetting the current domain, in  0.782 seconds
Domain Reload Profiling: 1660ms
	BeginReloadAssembly (181ms)
		ExecutionOrderSort (0ms)
		DisableScriptedObjects (6ms)
		BackupInstance (0ms)
		ReleaseScriptingObjects (0ms)
		CreateAndSetChildDomain (31ms)
	RebuildCommonClasses (51ms)
	RebuildNativeTypeToScriptingClass (12ms)
	initialDomainReloadingComplete (45ms)
	LoadAllAssembliesAndSetupDomain (590ms)
		LoadAssemblies (385ms)
		RebuildTransferFunctionScriptingTraits (0ms)
		AnalyzeDomain (311ms)
			TypeCache.Refresh (252ms)
				TypeCache.ScanAssembly (224ms)
			ScanForSourceGeneratedMonoScriptInfo (42ms)
			ResolveRequiredComponents (14ms)
	FinalizeReload (782ms)
		ReleaseScriptCaches (0ms)
		RebuildScriptCaches (0ms)
		SetupLoadedEditorAssemblies (582ms)
			LogAssemblyErrors (0ms)
			InitializePlatformSupportModulesInManaged (50ms)
			SetLoadedEditorAssemblies (3ms)
			RefreshPlugins (0ms)
			BeforeProcessingInitializeOnLoad (88ms)
			ProcessInitializeOnLoadAttributes (369ms)
			ProcessInitializeOnLoadMethodAttributes (66ms)
			AfterProcessingInitializeOnLoad (6ms)
			EditorAssembliesLoaded (0ms)
		ExecutionOrderSort2 (0ms)
		AwakeInstancesAfterBackupRestoration (8ms)
Launched and connected shader compiler UnityShaderCompiler.exe after 0.05 seconds
Refreshing native plugins compatible for Editor in 6.21 ms, found 3 plugins.
Preloading 0 native plugins for Editor in 0.00 ms.
Unloading 6454 Unused Serialized files (Serialized files now loaded: 0)
Unloading 91 unused Assets / (0.8 MB). Loaded Objects now: 6913.
Memory consumption went from 241.3 MB to 240.5 MB.
Total: 6.380700 ms (FindLiveObjects: 0.602800 ms CreateObjectMapping: 1.430200 ms MarkObjects: 3.975400 ms  DeleteObjects: 0.371600 ms)

AssetImportParameters requested are different than current active one (requested -> active):
  custom:container-demuxer-ogg: 62fdf1f143b41e24485cea50d1cbac27 -> 
  custom:framework-win-MediaFoundation: 216162199b28c13a410421893ffa2e32 -> 
  custom:container-muxer-webm: aa71ff27fc2769a1b78a27578f13a17b -> 
  custom:video-decoder-webm-vp8: 9c59270c3fd7afecdb556c50c9e8de78 -> 
  custom:SearchIndexIgnoredProperties: e643bd26f0fe6173181afceb89e7c659 -> 
  custom:AudioImporter_EditorPlatform: d09bf68614088b80899f8185d706f6e7 -> 
  custom:audio-decoder-ogg-vorbis: bf7c407c2cedff20999df2af8eb42d56 -> 
  custom:audio-encoder-webm-vorbis: bf7c407c2cedff20999df2af8eb42d56 -> 
  custom:video-codec-MediaFoundation-h265: 746d11721c4dcdbdad8f713fa42b33f4 -> 
  custom:video-decoder-ogg-theora: a1e56fd34408186e4bbccfd4996cb3dc -> 
  custom:CustomObjectIndexerAttribute: a3ef5dd2817f97addfee359851a9dba5 -> 
  custom:container-demuxer-webm: 4f35f7cbe854078d1ac9338744f61a02 -> 
  custom:video-encoder-webm-vp8: eb34c28f22e8b96e1ab97ce403110664 -> 
========================================================================
Received Import Request.
  Time since last request: 410628.847219 seconds.
  path: Assets/BigFurniturePack/Demo
  artifactKey: Guid(3e6b21b9dd7125c43bacd052212b3024) Importer(815301076,1909f56bfc062723c751e8b465ee728b)
Start importing Assets/BigFurniturePack/Demo using Guid(3e6b21b9dd7125c43bacd052212b3024) Importer(815301076,1909f56bfc062723c751e8b465ee728b)  -> (artifact id: '27dcb7e26a6f719ca6aacb293ecf5b31') in 0.002600 seconds
Number of updated asset objects reloaded before import = 0
Number of asset objects unloaded after import = 0
========================================================================
Received Import Request.
  Time since last request: 0.430174 seconds.
  path: Assets/BigFurniturePack/Models
  artifactKey: Guid(31f27bad220e7054e9da74baf4b1dfbe) Importer(815301076,1909f56bfc062723c751e8b465ee728b)
Start importing Assets/BigFurniturePack/Models using Guid(31f27bad220e7054e9da74baf4b1dfbe) Importer(815301076,1909f56bfc062723c751e8b465ee728b)  -> (artifact id: '44f40f5d9244ec7e3746b9214e1d56bc') in 0.000983 seconds
Number of updated asset objects reloaded before import = 0
Number of asset objects unloaded after import = 0
========================================================================
Received Import Request.
  Time since last request: 0.444049 seconds.
  path: Assets/BigFurniturePack/Prefabs
  artifactKey: Guid(0ca55815669e4364695ce5d716f50051) Importer(815301076,1909f56bfc062723c751e8b465ee728b)
Start importing Assets/BigFurniturePack/Prefabs using Guid(0ca55815669e4364695ce5d716f50051) Importer(815301076,1909f56bfc062723c751e8b465ee728b)  -> (artifact id: 'ad374c25a76d261c0e830bddf7b76781') in 0.001093 seconds
Number of updated asset objects reloaded before import = 0
Number of asset objects unloaded after import = 0
========================================================================
Received Import Request.
  Time since last request: 0.509104 seconds.
  path: Assets/BigFurniturePack/Models/bed_1.FBX
  artifactKey: Guid(a66f756b6810535438053fc6a961a201) Importer(815301076,1909f56bfc062723c751e8b465ee728b)
Start importing Assets/BigFurniturePack/Models/bed_1.FBX using Guid(a66f756b6810535438053fc6a961a201) Importer(815301076,1909f56bfc062723c751e8b465ee728b)  -> (artifact id: 'b9f7b96f4b3a43b6f8bddefaba382a63') in 0.463131 seconds
Number of updated asset objects reloaded before import = 0
Number of asset objects unloaded after import = 30
========================================================================
Received Import Request.
  Time since last request: 0.000065 seconds.
  path: Assets/BigFurniturePack/Models/mirror_1.FBX
  artifactKey: Guid(dcf4ae358cefeb94c9ef2a590c7653f3) Importer(815301076,1909f56bfc062723c751e8b465ee728b)
Start importing Assets/BigFurniturePack/Models/mirror_1.FBX using Guid(dcf4ae358cefeb94c9ef2a590c7653f3) Importer(815301076,1909f56bfc062723c751e8b465ee728b)  -> (artifact id: 'f4fe51d005207b8bc465bffdff19cec6') in 0.049605 seconds
Number of updated asset objects reloaded before import = 0
Number of asset objects unloaded after import = 15
========================================================================
Received Import Request.
  Time since last request: 0.000070 seconds.
  path: Assets/BigFurniturePack/Models/plate.FBX
  artifactKey: Guid(c790654032b636346b57fc885244fd9c) Importer(815301076,1909f56bfc062723c751e8b465ee728b)
Start importing Assets/BigFurniturePack/Models/plate.FBX using Guid(c790654032b636346b57fc885244fd9c) Importer(815301076,1909f56bfc062723c751e8b465ee728b)  -> (artifact id: '523aabce87833e5ab2f63118dc8cd812') in 0.030755 seconds
Number of updated asset objects reloaded before import = 0
Number of asset objects unloaded after import = 8
========================================================================
Received Import Request.
  Time since last request: 0.000040 seconds.
  path: Assets/BigFurniturePack/Models/vase_4.FBX
  artifactKey: Guid(e5b84b736b834804dbc2ba73a5a59876) Importer(815301076,1909f56bfc062723c751e8b465ee728b)
Start importing Assets/BigFurniturePack/Models/vase_4.FBX using Guid(e5b84b736b834804dbc2ba73a5a59876) Importer(815301076,1909f56bfc062723c751e8b465ee728b)  -> (artifact id: '47b210f81e88350e1e8b581bfa3b951d') in 0.027748 seconds
Number of updated asset objects reloaded before import = 0
Number of asset objects unloaded after import = 8
========================================================================
Received Import Request.
  Time since last request: 0.000061 seconds.
  path: Assets/BigFurniturePack/Models/rack_1.FBX
  artifactKey: Guid(821da9cb1c989dd489ae524930f6bb0f) Importer(815301076,1909f56bfc062723c751e8b465ee728b)
Start importing Assets/BigFurniturePack/Models/rack_1.FBX using Guid(821da9cb1c989dd489ae524930f6bb0f) Importer(815301076,1909f56bfc062723c751e8b465ee728b)  -> (artifact id: '715d62489f76855a325278eb3570312b') in 0.030072 seconds
Number of updated asset objects reloaded before import = 0
Number of asset objects unloaded after import = 8
========================================================================
Received Import Request.
  Time since last request: 0.000034 seconds.
  path: Assets/BigFurniturePack/Models/vase_2.FBX
  artifactKey: Guid(b4c9d405d7440f54497e83da64d11c4c) Importer(815301076,1909f56bfc062723c751e8b465ee728b)
Start importing Assets/BigFurniturePack/Models/vase_2.FBX using Guid(b4c9d405d7440f54497e83da64d11c4c) Importer(815301076,1909f56bfc062723c751e8b465ee728b)  -> (artifact id: '112a2316020b7f3c1ef84d0e56b4d862') in 0.055064 seconds
Number of updated asset objects reloaded before import = 0
Number of asset objects unloaded after import = 15
========================================================================
Received Import Request.
  Time since last request: 0.000026 seconds.
  path: Assets/BigFurniturePack/Models/torchere_4.FBX
  artifactKey: Guid(f088e8ad86266534d8befc554879f594) Importer(815301076,1909f56bfc062723c751e8b465ee728b)
Start importing Assets/BigFurniturePack/Models/torchere_4.FBX using Guid(f088e8ad86266534d8befc554879f594) Importer(815301076,1909f56bfc062723c751e8b465ee728b)  -> (artifact id: 'b35d490733490524c748f7a3256273d0') in 0.050671 seconds
Number of updated asset objects reloaded before import = 0
Number of asset objects unloaded after import = 15
========================================================================
Received Import Request.
  Time since last request: 0.000040 seconds.
  path: Assets/BigFurniturePack/Models/vase_3.FBX
  artifactKey: Guid(a23adc725dbf4564c9a748e2d6719d65) Importer(815301076,1909f56bfc062723c751e8b465ee728b)
Start importing Assets/BigFurniturePack/Models/vase_3.FBX using Guid(a23adc725dbf4564c9a748e2d6719d65) Importer(815301076,1909f56bfc062723c751e8b465ee728b)  -> (artifact id: 'd09122c23018e4b4ac5f1ddc294f0fb7') in 0.044219 seconds
Number of updated asset objects reloaded before import = 0
Number of asset objects unloaded after import = 10
========================================================================
Received Import Request.
  Time since last request: 0.000058 seconds.
  path: Assets/BigFurniturePack/Models/Materials
  artifactKey: Guid(55714643bea876344a15a8af689d9b7c) Importer(815301076,1909f56bfc062723c751e8b465ee728b)
Start importing Assets/BigFurniturePack/Models/Materials using Guid(55714643bea876344a15a8af689d9b7c) Importer(815301076,1909f56bfc062723c751e8b465ee728b)  -> (artifact id: 'c51d15de097a30a93b188af19f58e8e8') in 0.000756 seconds
Number of updated asset objects reloaded before import = 0
Number of asset objects unloaded after import = 0
========================================================================
Received Import Request.
  Time since last request: 0.000027 seconds.
  path: Assets/BigFurniturePack/Models/mirror_3.FBX
  artifactKey: Guid(49f1cc263d845ea48aa7aa8ef246141b) Importer(815301076,1909f56bfc062723c751e8b465ee728b)
Start importing Assets/BigFurniturePack/Models/mirror_3.FBX using Guid(49f1cc263d845ea48aa7aa8ef246141b) Importer(815301076,1909f56bfc062723c751e8b465ee728b)  -> (artifact id: '7e30d5d1e13793b40357bf7fc09d7724') in 0.040837 seconds
Number of updated asset objects reloaded before import = 0
Number of asset objects unloaded after import = 15
========================================================================
Received Import Request.
  Time since last request: 0.000026 seconds.
  path: Assets/BigFurniturePack/Models/Materials/cloth_3.mat
  artifactKey: Guid(1a44110be72ce9e4bbf38a866d859da0) Importer(815301076,1909f56bfc062723c751e8b465ee728b)
Start importing Assets/BigFurniturePack/Models/Materials/cloth_3.mat using Guid(1a44110be72ce9e4bbf38a866d859da0) Importer(815301076,1909f56bfc062723c751e8b465ee728b)  -> (artifact id: '4bc453d5f031a390c075ac95662f1e1e') in 0.033071 seconds
Number of updated asset objects reloaded before import = 0
Number of asset objects unloaded after import = 3
========================================================================
Received Import Request.
  Time since last request: 0.000044 seconds.
  path: Assets/BigFurniturePack/Models/Materials/cloth_1.mat
  artifactKey: Guid(3ce1607272ebf6f409222542a2548d9a) Importer(815301076,1909f56bfc062723c751e8b465ee728b)
Start importing Assets/BigFurniturePack/Models/Materials/cloth_1.mat using Guid(3ce1607272ebf6f409222542a2548d9a) Importer(815301076,1909f56bfc062723c751e8b465ee728b)  -> (artifact id: '0dfaa8b9c006c4c37acebf117db6369b') in 0.011315 seconds
Number of updated asset objects reloaded before import = 0
Number of asset objects unloaded after import = 3
========================================================================
Received Import Request.
  Time since last request: 0.000037 seconds.
  path: Assets/BigFurniturePack/Models/flasket.FBX
  artifactKey: Guid(1e9483dbe68479d4889166e292e99aee) Importer(815301076,1909f56bfc062723c751e8b465ee728b)
Start importing Assets/BigFurniturePack/Models/flasket.FBX using Guid(1e9483dbe68479d4889166e292e99aee) Importer(815301076,1909f56bfc062723c751e8b465ee728b)  -> (artifact id: '2fdd7f2746f0d7acaa1ec00e970d7a2d') in 0.034511 seconds
Number of updated asset objects reloaded before import = 0
Number of asset objects unloaded after import = 8
========================================================================
Received Import Request.
  Time since last request: 0.000032 seconds.
  path: Assets/BigFurniturePack/Models/table_1.FBX
  artifactKey: Guid(e1978285e2f37954d90e9a40b85e6ce0) Importer(815301076,1909f56bfc062723c751e8b465ee728b)
Start importing Assets/BigFurniturePack/Models/table_1.FBX using Guid(e1978285e2f37954d90e9a40b85e6ce0) Importer(815301076,1909f56bfc062723c751e8b465ee728b)  -> (artifact id: 'd48c4a330f552c4cb013a71f33717c23') in 0.049315 seconds
Number of updated asset objects reloaded before import = 0
Number of asset objects unloaded after import = 15
========================================================================
Received Import Request.
  Time since last request: 0.000035 seconds.
  path: Assets/BigFurniturePack/Models/rack_4.FBX
  artifactKey: Guid(db2ded63075b6cd41aaa7d8a85da232d) Importer(815301076,1909f56bfc062723c751e8b465ee728b)
Start importing Assets/BigFurniturePack/Models/rack_4.FBX using Guid(db2ded63075b6cd41aaa7d8a85da232d) Importer(815301076,1909f56bfc062723c751e8b465ee728b)  -> (artifact id: '8bc7c9410d2590053aea5b35e625ab2e') in 0.035141 seconds
Number of updated asset objects reloaded before import = 0
Number of asset objects unloaded after import = 8
========================================================================
Received Import Request.
  Time since last request: 0.000050 seconds.
  path: Assets/BigFurniturePack/Models/tv_table_2.FBX
  artifactKey: Guid(78b6f28ce2ffb9b47a8f1e7bdec4184b) Importer(815301076,1909f56bfc062723c751e8b465ee728b)
Start importing Assets/BigFurniturePack/Models/tv_table_2.FBX using Guid(78b6f28ce2ffb9b47a8f1e7bdec4184b) Importer(815301076,1909f56bfc062723c751e8b465ee728b)  -> (artifact id: 'b9df9ea2e30b98eacb58d52e67cefb08') in 0.076878 seconds
Number of updated asset objects reloaded before import = 0
Number of asset objects unloaded after import = 25
========================================================================
Received Import Request.
  Time since last request: 9.592417 seconds.
  path: Assets/BigFurniturePack/Textures/wood_3.JPG
  artifactKey: Guid(b85f57159dd296e40941510cbde61814) Importer(815301076,1909f56bfc062723c751e8b465ee728b)
Start importing Assets/BigFurniturePack/Textures/wood_3.JPG using Guid(b85f57159dd296e40941510cbde61814) Importer(815301076,1909f56bfc062723c751e8b465ee728b)  -> (artifact id: '725f698a26c585b4fdda9216de039b59') in 0.032602 seconds
Number of updated asset objects reloaded before import = 0
Number of asset objects unloaded after import = 2
========================================================================
Received Import Request.
  Time since last request: 44.850859 seconds.
  path: Assets/BigFurniturePack/Textures/cloth_1.jpg
  artifactKey: Guid(db4265b11df6af1438db306cd16c60ee) Importer(815301076,1909f56bfc062723c751e8b465ee728b)
Start importing Assets/BigFurniturePack/Textures/cloth_1.jpg using Guid(db4265b11df6af1438db306cd16c60ee) Importer(815301076,1909f56bfc062723c751e8b465ee728b)  -> (artifact id: '4fc84c16ee670a27114a622e4a2cb718') in 0.022727 seconds
Number of updated asset objects reloaded before import = 0
Number of asset objects unloaded after import = 2
========================================================================
Received Import Request.
  Time since last request: 113.502216 seconds.
  path: Assets/BigFurniturePack/Models/Materials/base_material.mat
  artifactKey: Guid(366679cf3713065428e131e78f9593ee) Importer(815301076,1909f56bfc062723c751e8b465ee728b)
Start importing Assets/BigFurniturePack/Models/Materials/base_material.mat using Guid(366679cf3713065428e131e78f9593ee) Importer(815301076,1909f56bfc062723c751e8b465ee728b)  -> (artifact id: '9538d097af569725ff787a565fb7b243') in 0.085419 seconds
Number of updated asset objects reloaded before import = 0
Number of asset objects unloaded after import = 2
========================================================================
Received Import Request.
  Time since last request: 0.000038 seconds.
  path: Assets/BigFurniturePack/Models/Materials/cloth_4.mat
  artifactKey: Guid(b5ded758bc8effe4a8fca6adf3012a5a) Importer(815301076,1909f56bfc062723c751e8b465ee728b)
Start importing Assets/BigFurniturePack/Models/Materials/cloth_4.mat using Guid(b5ded758bc8effe4a8fca6adf3012a5a) Importer(815301076,1909f56bfc062723c751e8b465ee728b)  -> (artifact id: '83047e394039254121005be9463329ee') in 0.025594 seconds
Number of updated asset objects reloaded before import = 0
Number of asset objects unloaded after import = 3
========================================================================
Received Import Request.
  Time since last request: 0.000033 seconds.
  path: Assets/BigFurniturePack/Models/Materials/wood_1.mat
  artifactKey: Guid(888daeabd7af8694783c9a32a9ca19d2) Importer(815301076,1909f56bfc062723c751e8b465ee728b)
Start importing Assets/BigFurniturePack/Models/Materials/wood_1.mat using Guid(888daeabd7af8694783c9a32a9ca19d2) Importer(815301076,1909f56bfc062723c751e8b465ee728b)  -> (artifact id: '3b3032e940c7fbf41b875508b38867b8') in 0.032509 seconds
Number of updated asset objects reloaded before import = 0
Number of asset objects unloaded after import = 3
========================================================================
Received Import Request.
  Time since last request: 0.000054 seconds.
  path: Assets/BigFurniturePack/Models/Materials/wood_2.mat
  artifactKey: Guid(9ef60bdc624a1594e89bdc4d48adc8da) Importer(815301076,1909f56bfc062723c751e8b465ee728b)
Start importing Assets/BigFurniturePack/Models/Materials/wood_2.mat using Guid(9ef60bdc624a1594e89bdc4d48adc8da) Importer(815301076,1909f56bfc062723c751e8b465ee728b)  -> (artifact id: 'a19f0d7c3248cf76d59e389af431445d') in 0.021737 seconds
Number of updated asset objects reloaded before import = 0
Number of asset objects unloaded after import = 3
========================================================================
Received Import Request.
  Time since last request: 0.000069 seconds.
  path: Assets/BigFurniturePack/Models/Materials/floor.mat
  artifactKey: Guid(4b0cad466fb77ed4981710d807cf7ce8) Importer(815301076,1909f56bfc062723c751e8b465ee728b)
Start importing Assets/BigFurniturePack/Models/Materials/floor.mat using Guid(4b0cad466fb77ed4981710d807cf7ce8) Importer(815301076,1909f56bfc062723c751e8b465ee728b)  -> (artifact id: '67a910688f00b41c42aa7b235892eeb4') in 0.028010 seconds
Number of updated asset objects reloaded before import = 0
Number of asset objects unloaded after import = 4
Editor requested this worker to shutdown with reason: Scaling down because of idle timeout
TcpMessagingSession - receive error: operation aborted. errorcode: 995, details: The I/O operation has been aborted because of either a thread exit or an application request.
AssetImportWorker is now disconnected from the server
Process exiting
Exiting without the bug reporter. Application will terminate with return code 0