Using pre-set license
Built from '2022.3/staging' branch; Version is '2022.3.8f1 (b5eafc012955) revision 11922172'; Using compiler version '192829333'; Build Type 'Release'
OS: 'Windows 11  (10.0.22621) 64bit Professional' Language: 'en' Physical Memory: 16160 MB
BatchMode: 1, IsHumanControllingUs: 0, StartBugReporterOnCrash: 0, Is64bit: 1, IsPro: 1

COMMAND LINE ARGUMENTS:
C:\Program Files\Unity\Hub\Editor\2022.3.8f1\Editor\Unity.exe
-adb2
-batchMode
-noUpm
-name
AssetImportWorker8
-projectPath
C:/Users/Samuel Lee/Documents/Developer/Unity Projects/UVRCast
-logFile
Logs/AssetImportWorker8.log
-srvPort
57376
Successfully changed project path to: C:/Users/Samuel Lee/Documents/Developer/Unity Projects/UVRCast
C:/Users/Samuel Lee/Documents/Developer/Unity Projects/UVRCast
[UnityMemory] Configuration Parameters - Can be set up in boot.config
    "memorysetup-bucket-allocator-granularity=16"
    "memorysetup-bucket-allocator-bucket-count=8"
    "memorysetup-bucket-allocator-block-size=33554432"
    "memorysetup-bucket-allocator-block-count=8"
    "memorysetup-main-allocator-block-size=16777216"
    "memorysetup-thread-allocator-block-size=16777216"
    "memorysetup-gfx-main-allocator-block-size=16777216"
    "memorysetup-gfx-thread-allocator-block-size=16777216"
    "memorysetup-cache-allocator-block-size=4194304"
    "memorysetup-typetree-allocator-block-size=2097152"
    "memorysetup-profiler-bucket-allocator-granularity=16"
    "memorysetup-profiler-bucket-allocator-bucket-count=8"
    "memorysetup-profiler-bucket-allocator-block-size=33554432"
    "memorysetup-profiler-bucket-allocator-block-count=8"
    "memorysetup-profiler-allocator-block-size=16777216"
    "memorysetup-profiler-editor-allocator-block-size=1048576"
    "memorysetup-temp-allocator-size-main=16777216"
    "memorysetup-job-temp-allocator-block-size=2097152"
    "memorysetup-job-temp-allocator-block-size-background=1048576"
    "memorysetup-job-temp-allocator-reduction-small-platforms=262144"
    "memorysetup-allocator-temp-initial-block-size-main=262144"
    "memorysetup-allocator-temp-initial-block-size-worker=262144"
    "memorysetup-temp-allocator-size-background-worker=32768"
    "memorysetup-temp-allocator-size-job-worker=262144"
    "memorysetup-temp-allocator-size-preload-manager=33554432"
    "memorysetup-temp-allocator-size-nav-mesh-worker=65536"
    "memorysetup-temp-allocator-size-audio-worker=65536"
    "memorysetup-temp-allocator-size-cloud-worker=32768"
    "memorysetup-temp-allocator-size-gi-baking-worker=262144"
    "memorysetup-temp-allocator-size-gfx=262144"
Player connection [30652] Host "[IP] 192.168.0.9 [Port] 0 [Flags] 2 [Guid] 539131773 [EditorId] 539131773 [Version] 1048832 [Id] WindowsEditor(7,EliteDesk) [Debug] 1 [PackageName] WindowsEditor [ProjectName] Editor" joined multi-casting on [225.0.0.222:54997]...

Player connection [30652] Host "[IP] 192.168.0.9 [Port] 0 [Flags] 2 [Guid] 539131773 [EditorId] 539131773 [Version] 1048832 [Id] WindowsEditor(7,EliteDesk) [Debug] 1 [PackageName] WindowsEditor [ProjectName] Editor" joined alternative multi-casting on [225.0.0.222:34997]...

[Physics::Module] Initialized MultithreadedJobDispatcher with 15 workers.
Refreshing native plugins compatible for Editor in 10.55 ms, found 3 plugins.
Preloading 0 native plugins for Editor in 0.00 ms.
Initialize engine version: 2022.3.8f1 (b5eafc012955)
[Subsystems] Discovering subsystems at path C:/Program Files/Unity/Hub/Editor/2022.3.8f1/Editor/Data/Resources/UnitySubsystems
[Subsystems] Discovering subsystems at path C:/Users/Samuel Lee/Documents/Developer/Unity Projects/UVRCast/Assets
GfxDevice: creating device client; threaded=0; jobified=0
Direct3D:
    Version:  Direct3D 11.0 [level 11.1]
    Renderer: NVIDIA GeForce GTX 1050 Ti (ID=0x1c82)
    Vendor:   NVIDIA
    VRAM:     4017 MB
    Driver:   31.0.15.3713
Initialize mono
Mono path[0] = 'C:/Program Files/Unity/Hub/Editor/2022.3.8f1/Editor/Data/Managed'
Mono path[1] = 'C:/Program Files/Unity/Hub/Editor/2022.3.8f1/Editor/Data/MonoBleedingEdge/lib/mono/unityjit-win32'
Mono config path = 'C:/Program Files/Unity/Hub/Editor/2022.3.8f1/Editor/Data/MonoBleedingEdge/etc'
Using monoOptions --debugger-agent=transport=dt_socket,embedding=1,server=y,suspend=n,address=127.0.0.1:56392
Begin MonoManager ReloadAssembly
Registering precompiled unity dll's ...
Register platform support module: C:/Program Files/Unity/Hub/Editor/2022.3.8f1/Editor/Data/PlaybackEngines/WebGLSupport/UnityEditor.WebGL.Extensions.dll
Register platform support module: C:/Program Files/Unity/Hub/Editor/2022.3.8f1/Editor/Data/PlaybackEngines/MacStandaloneSupport/UnityEditor.OSXStandalone.Extensions.dll
Register platform support module: C:/Program Files/Unity/Hub/Editor/2022.3.8f1/Editor/Data/PlaybackEngines/AndroidPlayer/UnityEditor.Android.Extensions.dll
Register platform support module: C:/Program Files/Unity/Hub/Editor/2022.3.8f1/Editor/Data/PlaybackEngines/iOSSupport/UnityEditor.iOS.Extensions.dll
Register platform support module: C:/Program Files/Unity/Hub/Editor/2022.3.8f1/Editor/Data/PlaybackEngines/AppleTVSupport/UnityEditor.AppleTV.Extensions.dll
Register platform support module: C:/Program Files/Unity/Hub/Editor/2022.3.8f1/Editor/Data/PlaybackEngines/WindowsStandaloneSupport/UnityEditor.WindowsStandalone.Extensions.dll
Register platform support module: C:/Program Files/Unity/Hub/Editor/2022.3.8f1/Editor/Data/PlaybackEngines/LinuxStandaloneSupport/UnityEditor.LinuxStandalone.Extensions.dll
Register platform support module: C:/Program Files/Unity/Hub/Editor/2022.3.8f1/Editor/Data/PlaybackEngines/MetroSupport/UnityEditor.UWP.Extensions.dll
Registered in 0.016387 seconds.
- Loaded All Assemblies, in  0.370 seconds
Native extension for UWP target not found
Native extension for LinuxStandalone target not found
Native extension for WindowsStandalone target not found
Native extension for AppleTV target not found
Native extension for iOS target not found
Native extension for Android target not found
Android Extension - Scanning For ADB Devices 318 ms
Native extension for OSXStandalone target not found
Native extension for WebGL target not found
Mono: successfully reloaded assembly
- Finished resetting the current domain, in  0.655 seconds
Domain Reload Profiling: 1023ms
	BeginReloadAssembly (103ms)
		ExecutionOrderSort (0ms)
		DisableScriptedObjects (0ms)
		BackupInstance (0ms)
		ReleaseScriptingObjects (0ms)
		CreateAndSetChildDomain (1ms)
	RebuildCommonClasses (35ms)
	RebuildNativeTypeToScriptingClass (11ms)
	initialDomainReloadingComplete (66ms)
	LoadAllAssembliesAndSetupDomain (153ms)
		LoadAssemblies (103ms)
		RebuildTransferFunctionScriptingTraits (0ms)
		AnalyzeDomain (150ms)
			TypeCache.Refresh (148ms)
				TypeCache.ScanAssembly (134ms)
			ScanForSourceGeneratedMonoScriptInfo (0ms)
			ResolveRequiredComponents (0ms)
	FinalizeReload (655ms)
		ReleaseScriptCaches (0ms)
		RebuildScriptCaches (0ms)
		SetupLoadedEditorAssemblies (594ms)
			LogAssemblyErrors (0ms)
			InitializePlatformSupportModulesInManaged (450ms)
			SetLoadedEditorAssemblies (4ms)
			RefreshPlugins (0ms)
			BeforeProcessingInitializeOnLoad (3ms)
			ProcessInitializeOnLoadAttributes (93ms)
			ProcessInitializeOnLoadMethodAttributes (43ms)
			AfterProcessingInitializeOnLoad (0ms)
			EditorAssembliesLoaded (0ms)
		ExecutionOrderSort2 (0ms)
		AwakeInstancesAfterBackupRestoration (0ms)
========================================================================
Worker process is ready to serve import requests
Begin MonoManager ReloadAssembly
- Loaded All Assemblies, in  0.751 seconds
Refreshing native plugins compatible for Editor in 3.30 ms, found 3 plugins.
Native extension for UWP target not found
Native extension for LinuxStandalone target not found
Native extension for WindowsStandalone target not found
Native extension for AppleTV target not found
Native extension for iOS target not found
Native extension for Android target not found
Native extension for OSXStandalone target not found
Native extension for WebGL target not found
Package Manager log level set to [2]
[Package Manager] Server::EnsureServerProcessIsRunning -- launch failed, reason: Unity was launched with the -noUpm command-line argument
[Package Manager] UpmClient::Send -- Unable to send message (not connected to UPM process).
[Package Manager] Cannot connect to Unity Package Manager local server
[Package Manager] Server::EnsureServerProcessIsRunning -- launch failed, reason: Unity was launched with the -noUpm command-line argument
[Package Manager] UpmClient::Send -- Unable to send message (not connected to UPM process).
[Package Manager] Cannot connect to Unity Package Manager local server
Mono: successfully reloaded assembly
[Package Manager] Server::EnsureServerProcessIsRunning -- launch failed, reason: Unity was launched with the -noUpm command-line argument
[Package Manager] UpmClient::Send -- Unable to send message (not connected to UPM process).
[Package Manager] Cannot connect to Unity Package Manager local server
[Package Manager] Server::EnsureServerProcessIsRunning -- launch failed, reason: Unity was launched with the -noUpm command-line argument
[Package Manager] UpmClient::Send -- Unable to send message (not connected to UPM process).
[Package Manager] Cannot connect to Unity Package Manager local server
- Finished resetting the current domain, in  0.795 seconds
Domain Reload Profiling: 1542ms
	BeginReloadAssembly (152ms)
		ExecutionOrderSort (0ms)
		DisableScriptedObjects (5ms)
		BackupInstance (0ms)
		ReleaseScriptingObjects (0ms)
		CreateAndSetChildDomain (30ms)
	RebuildCommonClasses (33ms)
	RebuildNativeTypeToScriptingClass (11ms)
	initialDomainReloadingComplete (41ms)
	LoadAllAssembliesAndSetupDomain (509ms)
		LoadAssemblies (342ms)
		RebuildTransferFunctionScriptingTraits (0ms)
		AnalyzeDomain (253ms)
			TypeCache.Refresh (205ms)
				TypeCache.ScanAssembly (185ms)
			ScanForSourceGeneratedMonoScriptInfo (34ms)
			ResolveRequiredComponents (12ms)
	FinalizeReload (796ms)
		ReleaseScriptCaches (0ms)
		RebuildScriptCaches (0ms)
		SetupLoadedEditorAssemblies (596ms)
			LogAssemblyErrors (0ms)
			InitializePlatformSupportModulesInManaged (44ms)
			SetLoadedEditorAssemblies (3ms)
			RefreshPlugins (0ms)
			BeforeProcessingInitializeOnLoad (89ms)
			ProcessInitializeOnLoadAttributes (376ms)
			ProcessInitializeOnLoadMethodAttributes (76ms)
			AfterProcessingInitializeOnLoad (8ms)
			EditorAssembliesLoaded (0ms)
		ExecutionOrderSort2 (0ms)
		AwakeInstancesAfterBackupRestoration (8ms)
Launched and connected shader compiler UnityShaderCompiler.exe after 0.05 seconds
Refreshing native plugins compatible for Editor in 4.04 ms, found 3 plugins.
Preloading 0 native plugins for Editor in 0.00 ms.
Unloading 6454 Unused Serialized files (Serialized files now loaded: 0)
Unloading 91 unused Assets / (0.8 MB). Loaded Objects now: 6913.
Memory consumption went from 241.1 MB to 240.4 MB.
Total: 4.385600 ms (FindLiveObjects: 0.590000 ms CreateObjectMapping: 0.506900 ms MarkObjects: 2.939300 ms  DeleteObjects: 0.348600 ms)

AssetImportParameters requested are different than current active one (requested -> active):
  custom:container-demuxer-ogg: 62fdf1f143b41e24485cea50d1cbac27 -> 
  custom:framework-win-MediaFoundation: 216162199b28c13a410421893ffa2e32 -> 
  custom:container-muxer-webm: aa71ff27fc2769a1b78a27578f13a17b -> 
  custom:video-decoder-webm-vp8: 9c59270c3fd7afecdb556c50c9e8de78 -> 
  custom:SearchIndexIgnoredProperties: e643bd26f0fe6173181afceb89e7c659 -> 
  custom:AudioImporter_EditorPlatform: d09bf68614088b80899f8185d706f6e7 -> 
  custom:audio-decoder-ogg-vorbis: bf7c407c2cedff20999df2af8eb42d56 -> 
  custom:audio-encoder-webm-vorbis: bf7c407c2cedff20999df2af8eb42d56 -> 
  custom:video-codec-MediaFoundation-h265: 746d11721c4dcdbdad8f713fa42b33f4 -> 
  custom:video-decoder-ogg-theora: a1e56fd34408186e4bbccfd4996cb3dc -> 
  custom:CustomObjectIndexerAttribute: a3ef5dd2817f97addfee359851a9dba5 -> 
  custom:container-demuxer-webm: 4f35f7cbe854078d1ac9338744f61a02 -> 
  custom:video-encoder-webm-vp8: eb34c28f22e8b96e1ab97ce403110664 -> 
========================================================================
Received Import Request.
  Time since last request: 409776.173368 seconds.
  path: Assets/URP UniVrm/Sample Vroid/B.Textures/F00_000_00_Body_00.png
  artifactKey: Guid(2017f99c82949441e9ab0509619e7f71) Importer(815301076,1909f56bfc062723c751e8b465ee728b)
Start importing Assets/URP UniVrm/Sample Vroid/B.Textures/F00_000_00_Body_00.png using Guid(2017f99c82949441e9ab0509619e7f71) Importer(815301076,1909f56bfc062723c751e8b465ee728b)  -> (artifact id: '7e0cb20b1b0f30d46fc7ece7037c205a') in 0.089540 seconds
Number of updated asset objects reloaded before import = 0
Number of asset objects unloaded after import = 2
========================================================================
Received Import Request.
  Time since last request: 287.899989 seconds.
  path: Assets/3D Imports/FBX/iMac M1/Materials/AppleLogo.mat
  artifactKey: Guid(74b71eb52b619ea4aa535c5ecba8edab) Importer(815301076,1909f56bfc062723c751e8b465ee728b)
Start importing Assets/3D Imports/FBX/iMac M1/Materials/AppleLogo.mat using Guid(74b71eb52b619ea4aa535c5ecba8edab) Importer(815301076,1909f56bfc062723c751e8b465ee728b)  -> (artifact id: '1ca7e22996a624439d3c13e0a691e9b8') in 0.290772 seconds
Number of updated asset objects reloaded before import = 0
Number of asset objects unloaded after import = 2
========================================================================
Received Import Request.
  Time since last request: 1.126462 seconds.
  path: Assets/3D Imports/FBX/iMac M1/Materials/Camera.mat
  artifactKey: Guid(f0ed9d73bcabfcf41b14797103798d88) Importer(815301076,1909f56bfc062723c751e8b465ee728b)
Start importing Assets/3D Imports/FBX/iMac M1/Materials/Camera.mat using Guid(f0ed9d73bcabfcf41b14797103798d88) Importer(815301076,1909f56bfc062723c751e8b465ee728b)  -> (artifact id: 'af726f053e84e7cf71d23ecf142fa2ed') in 0.026494 seconds
Number of updated asset objects reloaded before import = 0
Number of asset objects unloaded after import = 2
========================================================================
Received Import Request.
  Time since last request: 0.000102 seconds.
  path: Assets/3D Imports/FBX/iMac M1/Materials/SpeakerGrill.mat
  artifactKey: Guid(a570a3097553fea4b9e7be05ee14f355) Importer(815301076,1909f56bfc062723c751e8b465ee728b)
Start importing Assets/3D Imports/FBX/iMac M1/Materials/SpeakerGrill.mat using Guid(a570a3097553fea4b9e7be05ee14f355) Importer(815301076,1909f56bfc062723c751e8b465ee728b)  -> (artifact id: 'dfb7da17d2fa5b80ac0503dcfe35fd5f') in 0.014170 seconds
Number of updated asset objects reloaded before import = 0
Number of asset objects unloaded after import = 2
========================================================================
Received Import Request.
  Time since last request: 0.000028 seconds.
  path: Assets/3D Imports/FBX/iMac M1/Materials/ThunderboltLogo.mat
  artifactKey: Guid(dda10026a1a090f4da0a97678418c24f) Importer(815301076,1909f56bfc062723c751e8b465ee728b)
Start importing Assets/3D Imports/FBX/iMac M1/Materials/ThunderboltLogo.mat using Guid(dda10026a1a090f4da0a97678418c24f) Importer(815301076,1909f56bfc062723c751e8b465ee728b)  -> (artifact id: 'e93df4fc0ded503d377157174ade69cd') in 0.025136 seconds
Number of updated asset objects reloaded before import = 0
Number of asset objects unloaded after import = 2
========================================================================
Received Import Request.
  Time since last request: 0.000057 seconds.
  path: Assets/3D Imports/FBX/iMac M1/Materials/Keyboard_Base1.mat
  artifactKey: Guid(921df8acc539df442a73e24558ea6bd1) Importer(815301076,1909f56bfc062723c751e8b465ee728b)
Start importing Assets/3D Imports/FBX/iMac M1/Materials/Keyboard_Base1.mat using Guid(921df8acc539df442a73e24558ea6bd1) Importer(815301076,1909f56bfc062723c751e8b465ee728b)  -> (artifact id: 'eb9492d3c456e75407d7d91c330f7f44') in 0.013475 seconds
Number of updated asset objects reloaded before import = 0
Number of asset objects unloaded after import = 2
========================================================================
Received Import Request.
  Time since last request: 0.000051 seconds.
  path: Assets/3D Imports/FBX/iMac M1/Materials/Display.mat
  artifactKey: Guid(f9b435d16f7c34543abd9fc4ee72a6b3) Importer(815301076,1909f56bfc062723c751e8b465ee728b)
Start importing Assets/3D Imports/FBX/iMac M1/Materials/Display.mat using Guid(f9b435d16f7c34543abd9fc4ee72a6b3) Importer(815301076,1909f56bfc062723c751e8b465ee728b)  -> (artifact id: 'cc02a4f6efeb22761b01edee2879c829') in 0.028168 seconds
Number of updated asset objects reloaded before import = 0
Number of asset objects unloaded after import = 3
========================================================================
Received Import Request.
  Time since last request: 0.000032 seconds.
  path: Assets/3D Imports/FBX/iMac M1/Materials/Keyboard_Base2.mat
  artifactKey: Guid(dda856533c739314d90043618d273e11) Importer(815301076,1909f56bfc062723c751e8b465ee728b)
Start importing Assets/3D Imports/FBX/iMac M1/Materials/Keyboard_Base2.mat using Guid(dda856533c739314d90043618d273e11) Importer(815301076,1909f56bfc062723c751e8b465ee728b)  -> (artifact id: '3e520fa0654d8905e5fc8b4676a3925f') in 0.013274 seconds
Number of updated asset objects reloaded before import = 0
Number of asset objects unloaded after import = 2
========================================================================
Received Import Request.
  Time since last request: 0.000041 seconds.
  path: Assets/3D Imports/FBX/iMac M1/Materials/Mouse_Rubber.mat
  artifactKey: Guid(3f47f45ee471b9544b3d2c2e0ce31ffc) Importer(815301076,1909f56bfc062723c751e8b465ee728b)
Start importing Assets/3D Imports/FBX/iMac M1/Materials/Mouse_Rubber.mat using Guid(3f47f45ee471b9544b3d2c2e0ce31ffc) Importer(815301076,1909f56bfc062723c751e8b465ee728b)  -> (artifact id: '8661d28de495dea297c5cba9f7a1d8fc') in 0.013162 seconds
Number of updated asset objects reloaded before import = 0
Number of asset objects unloaded after import = 2
========================================================================
Received Import Request.
  Time since last request: 0.000042 seconds.
  path: Assets/3D Imports/FBX/iMac M1/Materials/Legs002.mat
  artifactKey: Guid(331a6bd37b7d02f439ea5d325b4d6fb0) Importer(815301076,1909f56bfc062723c751e8b465ee728b)
Start importing Assets/3D Imports/FBX/iMac M1/Materials/Legs002.mat using Guid(331a6bd37b7d02f439ea5d325b4d6fb0) Importer(815301076,1909f56bfc062723c751e8b465ee728b)  -> (artifact id: '764db02a3517a8911f4ade634ab399d3') in 0.013521 seconds
Number of updated asset objects reloaded before import = 0
Number of asset objects unloaded after import = 2
========================================================================
Received Import Request.
  Time since last request: 0.000030 seconds.
  path: Assets/3D Imports/FBX/iMac M1/Materials/PowerLogo.mat
  artifactKey: Guid(b5d330f4147a6ea40bd96dfd6593ce89) Importer(815301076,1909f56bfc062723c751e8b465ee728b)
Start importing Assets/3D Imports/FBX/iMac M1/Materials/PowerLogo.mat using Guid(b5d330f4147a6ea40bd96dfd6593ce89) Importer(815301076,1909f56bfc062723c751e8b465ee728b)  -> (artifact id: '38264bdcdbbe04000b4341a8f1f54139') in 0.012399 seconds
Number of updated asset objects reloaded before import = 0
Number of asset objects unloaded after import = 2
========================================================================
Received Import Request.
  Time since last request: 0.000029 seconds.
  path: Assets/3D Imports/FBX/iMac M1/Materials/Legs001.mat
  artifactKey: Guid(4c588020db303074aa4c9cfa5cb59b57) Importer(815301076,1909f56bfc062723c751e8b465ee728b)
Start importing Assets/3D Imports/FBX/iMac M1/Materials/Legs001.mat using Guid(4c588020db303074aa4c9cfa5cb59b57) Importer(815301076,1909f56bfc062723c751e8b465ee728b)  -> (artifact id: 'f41e4829ff3a8a9123113a3b123f5a48') in 0.014119 seconds
Number of updated asset objects reloaded before import = 0
Number of asset objects unloaded after import = 2
========================================================================
Received Import Request.
  Time since last request: 0.000072 seconds.
  path: Assets/3D Imports/FBX/iMac M1/Materials/HeadphoneJack.mat
  artifactKey: Guid(22c9989b51f99b14c910984824b7b96c) Importer(815301076,1909f56bfc062723c751e8b465ee728b)
Start importing Assets/3D Imports/FBX/iMac M1/Materials/HeadphoneJack.mat using Guid(22c9989b51f99b14c910984824b7b96c) Importer(815301076,1909f56bfc062723c751e8b465ee728b)  -> (artifact id: '71dcfa4ac26a7fbd7b37ad56c8b9ff21') in 0.014129 seconds
Number of updated asset objects reloaded before import = 0
Number of asset objects unloaded after import = 2
========================================================================
Received Import Request.
  Time since last request: 0.000047 seconds.
  path: Assets/3D Imports/FBX/iMac M1/Materials/Mouse_Top.mat
  artifactKey: Guid(fbf5028b98caa9d4faaa50896c47d4b9) Importer(815301076,1909f56bfc062723c751e8b465ee728b)
Start importing Assets/3D Imports/FBX/iMac M1/Materials/Mouse_Top.mat using Guid(fbf5028b98caa9d4faaa50896c47d4b9) Importer(815301076,1909f56bfc062723c751e8b465ee728b)  -> (artifact id: '1c3814d3a8c1d13ac1b59b58ad719c77') in 0.026709 seconds
Number of updated asset objects reloaded before import = 0
Number of asset objects unloaded after import = 2
========================================================================
Received Import Request.
  Time since last request: 0.000036 seconds.
  path: Assets/3D Imports/FBX/iMac M1/Materials/Mouse_Logo.mat
  artifactKey: Guid(66440b6f19cb72a49b2475fc36daa25b) Importer(815301076,1909f56bfc062723c751e8b465ee728b)
Start importing Assets/3D Imports/FBX/iMac M1/Materials/Mouse_Logo.mat using Guid(66440b6f19cb72a49b2475fc36daa25b) Importer(815301076,1909f56bfc062723c751e8b465ee728b)  -> (artifact id: '7f2150d4f83ec0f179c066876b3056b0') in 0.014406 seconds
Number of updated asset objects reloaded before import = 0
Number of asset objects unloaded after import = 2
Editor requested this worker to shutdown with reason: Scaling down because of idle timeout
TcpMessagingSession - receive error: operation aborted. errorcode: 995, details: The I/O operation has been aborted because of either a thread exit or an application request.
AssetImportWorker is now disconnected from the server
Process exiting
Exiting without the bug reporter. Application will terminate with return code 0