Using pre-set license
Built from '2022.3/staging' branch; Version is '2022.3.8f1 (b5eafc012955) revision 11922172'; Using compiler version '192829333'; Build Type 'Release'
OS: 'Windows 11  (10.0.22621) 64bit Professional' Language: 'en' Physical Memory: 16160 MB
BatchMode: 1, IsHumanControllingUs: 0, StartBugReporterOnCrash: 0, Is64bit: 1, IsPro: 1

COMMAND LINE ARGUMENTS:
C:\Program Files\Unity\Hub\Editor\2022.3.8f1\Editor\Unity.exe
-adb2
-batchMode
-noUpm
-name
AssetImportWorker10
-projectPath
C:/Users/Samuel Lee/Documents/Developer/Unity Projects/UVRCast
-logFile
Logs/AssetImportWorker10.log
-srvPort
57376
Successfully changed project path to: C:/Users/Samuel Lee/Documents/Developer/Unity Projects/UVRCast
C:/Users/Samuel Lee/Documents/Developer/Unity Projects/UVRCast
[UnityMemory] Configuration Parameters - Can be set up in boot.config
    "memorysetup-bucket-allocator-granularity=16"
    "memorysetup-bucket-allocator-bucket-count=8"
    "memorysetup-bucket-allocator-block-size=33554432"
    "memorysetup-bucket-allocator-block-count=8"
    "memorysetup-main-allocator-block-size=16777216"
    "memorysetup-thread-allocator-block-size=16777216"
    "memorysetup-gfx-main-allocator-block-size=16777216"
    "memorysetup-gfx-thread-allocator-block-size=16777216"
    "memorysetup-cache-allocator-block-size=4194304"
    "memorysetup-typetree-allocator-block-size=2097152"
    "memorysetup-profiler-bucket-allocator-granularity=16"
    "memorysetup-profiler-bucket-allocator-bucket-count=8"
    "memorysetup-profiler-bucket-allocator-block-size=33554432"
    "memorysetup-profiler-bucket-allocator-block-count=8"
    "memorysetup-profiler-allocator-block-size=16777216"
    "memorysetup-profiler-editor-allocator-block-size=1048576"
    "memorysetup-temp-allocator-size-main=16777216"
    "memorysetup-job-temp-allocator-block-size=2097152"
    "memorysetup-job-temp-allocator-block-size-background=1048576"
    "memorysetup-job-temp-allocator-reduction-small-platforms=262144"
    "memorysetup-allocator-temp-initial-block-size-main=262144"
    "memorysetup-allocator-temp-initial-block-size-worker=262144"
    "memorysetup-temp-allocator-size-background-worker=32768"
    "memorysetup-temp-allocator-size-job-worker=262144"
    "memorysetup-temp-allocator-size-preload-manager=33554432"
    "memorysetup-temp-allocator-size-nav-mesh-worker=65536"
    "memorysetup-temp-allocator-size-audio-worker=65536"
    "memorysetup-temp-allocator-size-cloud-worker=32768"
    "memorysetup-temp-allocator-size-gi-baking-worker=262144"
    "memorysetup-temp-allocator-size-gfx=262144"
Player connection [8072] Host "[IP] 192.168.0.9 [Port] 0 [Flags] 2 [Guid] 705679671 [EditorId] 705679671 [Version] 1048832 [Id] WindowsEditor(7,EliteDesk) [Debug] 1 [PackageName] WindowsEditor [ProjectName] Editor" joined multi-casting on [225.0.0.222:54997]...

Player connection [8072] Host "[IP] 192.168.0.9 [Port] 0 [Flags] 2 [Guid] 705679671 [EditorId] 705679671 [Version] 1048832 [Id] WindowsEditor(7,EliteDesk) [Debug] 1 [PackageName] WindowsEditor [ProjectName] Editor" joined alternative multi-casting on [225.0.0.222:34997]...

[Physics::Module] Initialized MultithreadedJobDispatcher with 15 workers.
Refreshing native plugins compatible for Editor in 12.90 ms, found 3 plugins.
Preloading 0 native plugins for Editor in 0.00 ms.
Initialize engine version: 2022.3.8f1 (b5eafc012955)
[Subsystems] Discovering subsystems at path C:/Program Files/Unity/Hub/Editor/2022.3.8f1/Editor/Data/Resources/UnitySubsystems
[Subsystems] Discovering subsystems at path C:/Users/Samuel Lee/Documents/Developer/Unity Projects/UVRCast/Assets
GfxDevice: creating device client; threaded=0; jobified=0
Direct3D:
    Version:  Direct3D 11.0 [level 11.1]
    Renderer: NVIDIA GeForce GTX 1050 Ti (ID=0x1c82)
    Vendor:   NVIDIA
    VRAM:     4017 MB
    Driver:   31.0.15.3713
Initialize mono
Mono path[0] = 'C:/Program Files/Unity/Hub/Editor/2022.3.8f1/Editor/Data/Managed'
Mono path[1] = 'C:/Program Files/Unity/Hub/Editor/2022.3.8f1/Editor/Data/MonoBleedingEdge/lib/mono/unityjit-win32'
Mono config path = 'C:/Program Files/Unity/Hub/Editor/2022.3.8f1/Editor/Data/MonoBleedingEdge/etc'
Using monoOptions --debugger-agent=transport=dt_socket,embedding=1,server=y,suspend=n,address=127.0.0.1:56612
Begin MonoManager ReloadAssembly
Registering precompiled unity dll's ...
Register platform support module: C:/Program Files/Unity/Hub/Editor/2022.3.8f1/Editor/Data/PlaybackEngines/WebGLSupport/UnityEditor.WebGL.Extensions.dll
Register platform support module: C:/Program Files/Unity/Hub/Editor/2022.3.8f1/Editor/Data/PlaybackEngines/MacStandaloneSupport/UnityEditor.OSXStandalone.Extensions.dll
Register platform support module: C:/Program Files/Unity/Hub/Editor/2022.3.8f1/Editor/Data/PlaybackEngines/AndroidPlayer/UnityEditor.Android.Extensions.dll
Register platform support module: C:/Program Files/Unity/Hub/Editor/2022.3.8f1/Editor/Data/PlaybackEngines/iOSSupport/UnityEditor.iOS.Extensions.dll
Register platform support module: C:/Program Files/Unity/Hub/Editor/2022.3.8f1/Editor/Data/PlaybackEngines/AppleTVSupport/UnityEditor.AppleTV.Extensions.dll
Register platform support module: C:/Program Files/Unity/Hub/Editor/2022.3.8f1/Editor/Data/PlaybackEngines/WindowsStandaloneSupport/UnityEditor.WindowsStandalone.Extensions.dll
Register platform support module: C:/Program Files/Unity/Hub/Editor/2022.3.8f1/Editor/Data/PlaybackEngines/LinuxStandaloneSupport/UnityEditor.LinuxStandalone.Extensions.dll
Register platform support module: C:/Program Files/Unity/Hub/Editor/2022.3.8f1/Editor/Data/PlaybackEngines/MetroSupport/UnityEditor.UWP.Extensions.dll
Registered in 0.022444 seconds.
- Loaded All Assemblies, in  0.423 seconds
Native extension for UWP target not found
Native extension for LinuxStandalone target not found
Native extension for WindowsStandalone target not found
Native extension for AppleTV target not found
Native extension for iOS target not found
Native extension for Android target not found
Android Extension - Scanning For ADB Devices 379 ms
Native extension for OSXStandalone target not found
Native extension for WebGL target not found
Mono: successfully reloaded assembly
- Finished resetting the current domain, in  0.732 seconds
Domain Reload Profiling: 1153ms
	BeginReloadAssembly (115ms)
		ExecutionOrderSort (0ms)
		DisableScriptedObjects (0ms)
		BackupInstance (0ms)
		ReleaseScriptingObjects (0ms)
		CreateAndSetChildDomain (1ms)
	RebuildCommonClasses (35ms)
	RebuildNativeTypeToScriptingClass (13ms)
	initialDomainReloadingComplete (82ms)
	LoadAllAssembliesAndSetupDomain (175ms)
		LoadAssemblies (114ms)
		RebuildTransferFunctionScriptingTraits (0ms)
		AnalyzeDomain (172ms)
			TypeCache.Refresh (169ms)
				TypeCache.ScanAssembly (151ms)
			ScanForSourceGeneratedMonoScriptInfo (1ms)
			ResolveRequiredComponents (1ms)
	FinalizeReload (733ms)
		ReleaseScriptCaches (0ms)
		RebuildScriptCaches (0ms)
		SetupLoadedEditorAssemblies (677ms)
			LogAssemblyErrors (0ms)
			InitializePlatformSupportModulesInManaged (520ms)
			SetLoadedEditorAssemblies (5ms)
			RefreshPlugins (0ms)
			BeforeProcessingInitializeOnLoad (2ms)
			ProcessInitializeOnLoadAttributes (97ms)
			ProcessInitializeOnLoadMethodAttributes (53ms)
			AfterProcessingInitializeOnLoad (0ms)
			EditorAssembliesLoaded (0ms)
		ExecutionOrderSort2 (0ms)
		AwakeInstancesAfterBackupRestoration (0ms)
========================================================================
Worker process is ready to serve import requests
Begin MonoManager ReloadAssembly
- Loaded All Assemblies, in  0.816 seconds
Refreshing native plugins compatible for Editor in 3.28 ms, found 3 plugins.
Native extension for UWP target not found
Native extension for LinuxStandalone target not found
Native extension for WindowsStandalone target not found
Native extension for AppleTV target not found
Native extension for iOS target not found
Native extension for Android target not found
Native extension for OSXStandalone target not found
Native extension for WebGL target not found
Package Manager log level set to [2]
[Package Manager] Server::EnsureServerProcessIsRunning -- launch failed, reason: Unity was launched with the -noUpm command-line argument
[Package Manager] UpmClient::Send -- Unable to send message (not connected to UPM process).
[Package Manager] Cannot connect to Unity Package Manager local server
[Package Manager] Server::EnsureServerProcessIsRunning -- launch failed, reason: Unity was launched with the -noUpm command-line argument
[Package Manager] UpmClient::Send -- Unable to send message (not connected to UPM process).
[Package Manager] Cannot connect to Unity Package Manager local server
Mono: successfully reloaded assembly
[Package Manager] Server::EnsureServerProcessIsRunning -- launch failed, reason: Unity was launched with the -noUpm command-line argument
[Package Manager] UpmClient::Send -- Unable to send message (not connected to UPM process).
[Package Manager] Cannot connect to Unity Package Manager local server
[Package Manager] Server::EnsureServerProcessIsRunning -- launch failed, reason: Unity was launched with the -noUpm command-line argument
[Package Manager] UpmClient::Send -- Unable to send message (not connected to UPM process).
[Package Manager] Cannot connect to Unity Package Manager local server
- Finished resetting the current domain, in  0.844 seconds
Domain Reload Profiling: 1656ms
	BeginReloadAssembly (162ms)
		ExecutionOrderSort (0ms)
		DisableScriptedObjects (6ms)
		BackupInstance (0ms)
		ReleaseScriptingObjects (0ms)
		CreateAndSetChildDomain (26ms)
	RebuildCommonClasses (36ms)
	RebuildNativeTypeToScriptingClass (16ms)
	initialDomainReloadingComplete (42ms)
	LoadAllAssembliesAndSetupDomain (554ms)
		LoadAssemblies (388ms)
		RebuildTransferFunctionScriptingTraits (0ms)
		AnalyzeDomain (261ms)
			TypeCache.Refresh (212ms)
				TypeCache.ScanAssembly (187ms)
			ScanForSourceGeneratedMonoScriptInfo (35ms)
			ResolveRequiredComponents (13ms)
	FinalizeReload (845ms)
		ReleaseScriptCaches (0ms)
		RebuildScriptCaches (0ms)
		SetupLoadedEditorAssemblies (626ms)
			LogAssemblyErrors (0ms)
			InitializePlatformSupportModulesInManaged (46ms)
			SetLoadedEditorAssemblies (3ms)
			RefreshPlugins (0ms)
			BeforeProcessingInitializeOnLoad (89ms)
			ProcessInitializeOnLoadAttributes (406ms)
			ProcessInitializeOnLoadMethodAttributes (73ms)
			AfterProcessingInitializeOnLoad (10ms)
			EditorAssembliesLoaded (0ms)
		ExecutionOrderSort2 (0ms)
		AwakeInstancesAfterBackupRestoration (10ms)
Launched and connected shader compiler UnityShaderCompiler.exe after 0.05 seconds
Refreshing native plugins compatible for Editor in 5.95 ms, found 3 plugins.
Preloading 0 native plugins for Editor in 0.00 ms.
Unloading 6454 Unused Serialized files (Serialized files now loaded: 0)
Unloading 91 unused Assets / (0.8 MB). Loaded Objects now: 6913.
Memory consumption went from 241.1 MB to 240.3 MB.
Total: 6.967000 ms (FindLiveObjects: 0.749600 ms CreateObjectMapping: 0.718500 ms MarkObjects: 5.057200 ms  DeleteObjects: 0.439600 ms)

AssetImportParameters requested are different than current active one (requested -> active):
  custom:container-demuxer-ogg: 62fdf1f143b41e24485cea50d1cbac27 -> 
  custom:framework-win-MediaFoundation: 216162199b28c13a410421893ffa2e32 -> 
  custom:container-muxer-webm: aa71ff27fc2769a1b78a27578f13a17b -> 
  custom:video-decoder-webm-vp8: 9c59270c3fd7afecdb556c50c9e8de78 -> 
  custom:SearchIndexIgnoredProperties: e643bd26f0fe6173181afceb89e7c659 -> 
  custom:AudioImporter_EditorPlatform: d09bf68614088b80899f8185d706f6e7 -> 
  custom:audio-decoder-ogg-vorbis: bf7c407c2cedff20999df2af8eb42d56 -> 
  custom:audio-encoder-webm-vorbis: bf7c407c2cedff20999df2af8eb42d56 -> 
  custom:video-codec-MediaFoundation-h265: 746d11721c4dcdbdad8f713fa42b33f4 -> 
  custom:video-decoder-ogg-theora: a1e56fd34408186e4bbccfd4996cb3dc -> 
  custom:CustomObjectIndexerAttribute: a3ef5dd2817f97addfee359851a9dba5 -> 
  custom:container-demuxer-webm: 4f35f7cbe854078d1ac9338744f61a02 -> 
  custom:video-encoder-webm-vp8: eb34c28f22e8b96e1ab97ce403110664 -> 
========================================================================
Received Import Request.
  Time since last request: 410200.520270 seconds.
  path: Assets/3D Imports/FBX/iMac M1/Materials/AppleLogo.mat
  artifactKey: Guid(74b71eb52b619ea4aa535c5ecba8edab) Importer(815301076,1909f56bfc062723c751e8b465ee728b)
Start importing Assets/3D Imports/FBX/iMac M1/Materials/AppleLogo.mat using Guid(74b71eb52b619ea4aa535c5ecba8edab) Importer(815301076,1909f56bfc062723c751e8b465ee728b)  -> (artifact id: '695e150484612068ace049367d174ed9') in 0.368239 seconds
Number of updated asset objects reloaded before import = 0
Number of asset objects unloaded after import = 2
========================================================================
Received Import Request.
  Time since last request: 0.000045 seconds.
  path: Assets/3D Imports/FBX/iMac M1/Materials/Mouse_Port.mat
  artifactKey: Guid(39e82227531359b428cd4e528b29c2c8) Importer(815301076,1909f56bfc062723c751e8b465ee728b)
Start importing Assets/3D Imports/FBX/iMac M1/Materials/Mouse_Port.mat using Guid(39e82227531359b428cd4e528b29c2c8) Importer(815301076,1909f56bfc062723c751e8b465ee728b)  -> (artifact id: 'a1dee572e7dec932b01f812cc24b5cb3') in 0.038983 seconds
Number of updated asset objects reloaded before import = 0
Number of asset objects unloaded after import = 2
========================================================================
Received Import Request.
  Time since last request: 0.000061 seconds.
  path: Assets/3D Imports/FBX/iMac M1/Materials/SpeakerGrill.mat
  artifactKey: Guid(a570a3097553fea4b9e7be05ee14f355) Importer(815301076,1909f56bfc062723c751e8b465ee728b)
Start importing Assets/3D Imports/FBX/iMac M1/Materials/SpeakerGrill.mat using Guid(a570a3097553fea4b9e7be05ee14f355) Importer(815301076,1909f56bfc062723c751e8b465ee728b)  -> (artifact id: '5767fc3276d93e9149961b61cb7cc35a') in 0.033488 seconds
Number of updated asset objects reloaded before import = 0
Number of asset objects unloaded after import = 2
========================================================================
Received Import Request.
  Time since last request: 0.000041 seconds.
  path: Assets/3D Imports/FBX/iMac M1/Materials/ThunderboltLogo.mat
  artifactKey: Guid(dda10026a1a090f4da0a97678418c24f) Importer(815301076,1909f56bfc062723c751e8b465ee728b)
Start importing Assets/3D Imports/FBX/iMac M1/Materials/ThunderboltLogo.mat using Guid(dda10026a1a090f4da0a97678418c24f) Importer(815301076,1909f56bfc062723c751e8b465ee728b)  -> (artifact id: '2dabad966be7a2650a74e63bbf3f1b5e') in 0.026151 seconds
Number of updated asset objects reloaded before import = 0
Number of asset objects unloaded after import = 2
========================================================================
Received Import Request.
  Time since last request: 0.000040 seconds.
  path: Assets/3D Imports/FBX/iMac M1/Materials/Keyboard_Base1.mat
  artifactKey: Guid(921df8acc539df442a73e24558ea6bd1) Importer(815301076,1909f56bfc062723c751e8b465ee728b)
Start importing Assets/3D Imports/FBX/iMac M1/Materials/Keyboard_Base1.mat using Guid(921df8acc539df442a73e24558ea6bd1) Importer(815301076,1909f56bfc062723c751e8b465ee728b)  -> (artifact id: 'aa8c8978a698f3c0f94ee8a5ae2793d0') in 0.013587 seconds
Number of updated asset objects reloaded before import = 0
Number of asset objects unloaded after import = 2
========================================================================
Received Import Request.
  Time since last request: 0.000040 seconds.
  path: Assets/3D Imports/FBX/iMac M1/Materials/USB-C.mat
  artifactKey: Guid(6a9e969a22512ad4c8c0cfe170f0f3e2) Importer(815301076,1909f56bfc062723c751e8b465ee728b)
Start importing Assets/3D Imports/FBX/iMac M1/Materials/USB-C.mat using Guid(6a9e969a22512ad4c8c0cfe170f0f3e2) Importer(815301076,1909f56bfc062723c751e8b465ee728b)  -> (artifact id: '84d9761cf2d148111695b871f4b05b1f') in 0.013045 seconds
Number of updated asset objects reloaded before import = 0
Number of asset objects unloaded after import = 2
========================================================================
Received Import Request.
  Time since last request: 0.000043 seconds.
  path: Assets/3D Imports/FBX/iMac M1/Materials/Display.mat
  artifactKey: Guid(f9b435d16f7c34543abd9fc4ee72a6b3) Importer(815301076,1909f56bfc062723c751e8b465ee728b)
Start importing Assets/3D Imports/FBX/iMac M1/Materials/Display.mat using Guid(f9b435d16f7c34543abd9fc4ee72a6b3) Importer(815301076,1909f56bfc062723c751e8b465ee728b)  -> (artifact id: 'de135a14c7d65128b94afb731af4954d') in 2.010512 seconds
Number of updated asset objects reloaded before import = 0
Number of asset objects unloaded after import = 3
========================================================================
Received Import Request.
  Time since last request: 0.000057 seconds.
  path: Assets/3D Imports/FBX/iMac M1/Materials/PowerLogo.mat
  artifactKey: Guid(b5d330f4147a6ea40bd96dfd6593ce89) Importer(815301076,1909f56bfc062723c751e8b465ee728b)
Start importing Assets/3D Imports/FBX/iMac M1/Materials/PowerLogo.mat using Guid(b5d330f4147a6ea40bd96dfd6593ce89) Importer(815301076,1909f56bfc062723c751e8b465ee728b)  -> (artifact id: 'cfba57705576dfa9e35928a372c7b642') in 0.009029 seconds
Number of updated asset objects reloaded before import = 0
Number of asset objects unloaded after import = 2
========================================================================
Received Import Request.
  Time since last request: 0.000038 seconds.
  path: Assets/3D Imports/FBX/iMac M1/Materials/Chin.mat
  artifactKey: Guid(22bb6e23026830940973379b510dfecd) Importer(815301076,1909f56bfc062723c751e8b465ee728b)
Start importing Assets/3D Imports/FBX/iMac M1/Materials/Chin.mat using Guid(22bb6e23026830940973379b510dfecd) Importer(815301076,1909f56bfc062723c751e8b465ee728b)  -> (artifact id: '56c1d4d4226d60418dc0108a7c559059') in 1.303642 seconds
Number of updated asset objects reloaded before import = 0
Number of asset objects unloaded after import = 2
========================================================================
Received Import Request.
  Time since last request: 322.321740 seconds.
  path: Assets/BigFurniturePack/Models/vase_1.FBX
  artifactKey: Guid(c2ed07c31edb05049bb78864d157eac5) Importer(815301076,1909f56bfc062723c751e8b465ee728b)
Start importing Assets/BigFurniturePack/Models/vase_1.FBX using Guid(c2ed07c31edb05049bb78864d157eac5) Importer(815301076,1909f56bfc062723c751e8b465ee728b)  -> (artifact id: '854e89981f403cef609f4bd708855e5c') in 0.096780 seconds
Number of updated asset objects reloaded before import = 0
Number of asset objects unloaded after import = 15
========================================================================
Received Import Request.
  Time since last request: 0.000040 seconds.
  path: Assets/BigFurniturePack/Prefabs/Tables/kitchen_table_1.prefab
  artifactKey: Guid(4df135dcff5ef7b488faeec987a0fe1c) Importer(815301076,1909f56bfc062723c751e8b465ee728b)
Start importing Assets/BigFurniturePack/Prefabs/Tables/kitchen_table_1.prefab using Guid(4df135dcff5ef7b488faeec987a0fe1c) Importer(815301076,1909f56bfc062723c751e8b465ee728b)  -> (artifact id: '020d6c2c0c82f75e9bc8c7f0c2f665ef') in 0.028290 seconds
Number of updated asset objects reloaded before import = 0
Number of asset objects unloaded after import = 16
========================================================================
Received Import Request.
  Time since last request: 0.000030 seconds.
  path: Assets/BigFurniturePack/Prefabs/Modular kitchen/kitchen_shelf_corner.prefab
  artifactKey: Guid(42906078a1d49c5458d19c65a691f015) Importer(815301076,1909f56bfc062723c751e8b465ee728b)
Start importing Assets/BigFurniturePack/Prefabs/Modular kitchen/kitchen_shelf_corner.prefab using Guid(42906078a1d49c5458d19c65a691f015) Importer(815301076,1909f56bfc062723c751e8b465ee728b)  -> (artifact id: 'd41901f1fbae86cb45cc3ff6bc48df93') in 0.019372 seconds
Number of updated asset objects reloaded before import = 0
Number of asset objects unloaded after import = 21
========================================================================
Received Import Request.
  Time since last request: 0.000033 seconds.
  path: Assets/BigFurniturePack/Models/kitchen_shelf_1.FBX
  artifactKey: Guid(4529ae99f5841454fbf19e4790d72ff2) Importer(815301076,1909f56bfc062723c751e8b465ee728b)
Start importing Assets/BigFurniturePack/Models/kitchen_shelf_1.FBX using Guid(4529ae99f5841454fbf19e4790d72ff2) Importer(815301076,1909f56bfc062723c751e8b465ee728b)  -> (artifact id: 'b2003df54023a62a858b113ec584b8c0') in 0.070482 seconds
Number of updated asset objects reloaded before import = 0
Number of asset objects unloaded after import = 30
========================================================================
Received Import Request.
  Time since last request: 0.000020 seconds.
  path: Assets/BigFurniturePack/Prefabs/Sofas&Chairs/kitchen_chair_1.prefab
  artifactKey: Guid(01dfb375646cba84e9b92e2cedf7d149) Importer(815301076,1909f56bfc062723c751e8b465ee728b)
Start importing Assets/BigFurniturePack/Prefabs/Sofas&Chairs/kitchen_chair_1.prefab using Guid(01dfb375646cba84e9b92e2cedf7d149) Importer(815301076,1909f56bfc062723c751e8b465ee728b)  -> (artifact id: '347d19bc85c046d76881a9af5001c1db') in 0.020675 seconds
Number of updated asset objects reloaded before import = 0
Number of asset objects unloaded after import = 16
========================================================================
Received Import Request.
  Time since last request: 0.000042 seconds.
  path: Assets/BigFurniturePack/Prefabs/Modular kitchen/modular_kitchen_table_4.prefab
  artifactKey: Guid(69876b662dbfff945b3239cdac3b1811) Importer(815301076,1909f56bfc062723c751e8b465ee728b)
Start importing Assets/BigFurniturePack/Prefabs/Modular kitchen/modular_kitchen_table_4.prefab using Guid(69876b662dbfff945b3239cdac3b1811) Importer(815301076,1909f56bfc062723c751e8b465ee728b)  -> (artifact id: '0e11fba9aca87ca6c1a738ff4820c4c2') in 0.021946 seconds
Number of updated asset objects reloaded before import = 0
Number of asset objects unloaded after import = 56
========================================================================
Received Import Request.
  Time since last request: 0.000040 seconds.
  path: Assets/BigFurniturePack/Prefabs/Modular kitchen/kitchen_shelf_corner_INV.prefab
  artifactKey: Guid(d6914444abecec94792cba630fe392e3) Importer(815301076,1909f56bfc062723c751e8b465ee728b)
Start importing Assets/BigFurniturePack/Prefabs/Modular kitchen/kitchen_shelf_corner_INV.prefab using Guid(d6914444abecec94792cba630fe392e3) Importer(815301076,1909f56bfc062723c751e8b465ee728b)  -> (artifact id: '59542c759633c1678bcd052f3acbd092') in 0.010538 seconds
Number of updated asset objects reloaded before import = 0
Number of asset objects unloaded after import = 21
========================================================================
Received Import Request.
  Time since last request: 0.000020 seconds.
  path: Assets/BigFurniturePack/Models/torchere_1.FBX
  artifactKey: Guid(f53ba428acbc8c240b51c227ff0304b6) Importer(815301076,1909f56bfc062723c751e8b465ee728b)
Start importing Assets/BigFurniturePack/Models/torchere_1.FBX using Guid(f53ba428acbc8c240b51c227ff0304b6) Importer(815301076,1909f56bfc062723c751e8b465ee728b)  -> (artifact id: '76410c7c159f8556a0099059e3ff31fb') in 0.046511 seconds
Number of updated asset objects reloaded before import = 0
Number of asset objects unloaded after import = 15
========================================================================
Received Import Request.
  Time since last request: 0.000049 seconds.
  path: Assets/BigFurniturePack/Prefabs/Sofas&Chairs/chair_4.prefab
  artifactKey: Guid(d534d0198c237a043a8e671f0bf2859e) Importer(815301076,1909f56bfc062723c751e8b465ee728b)
Start importing Assets/BigFurniturePack/Prefabs/Sofas&Chairs/chair_4.prefab using Guid(d534d0198c237a043a8e671f0bf2859e) Importer(815301076,1909f56bfc062723c751e8b465ee728b)  -> (artifact id: 'd703291a238d543875255b73138a7f31') in 0.023954 seconds
Number of updated asset objects reloaded before import = 0
Number of asset objects unloaded after import = 36
========================================================================
Received Import Request.
  Time since last request: 0.000037 seconds.
  path: Assets/BigFurniturePack/Models/kitchen_shelf_2.FBX
  artifactKey: Guid(708905db3fc5ad84993c9651cd501104) Importer(815301076,1909f56bfc062723c751e8b465ee728b)
Start importing Assets/BigFurniturePack/Models/kitchen_shelf_2.FBX using Guid(708905db3fc5ad84993c9651cd501104) Importer(815301076,1909f56bfc062723c751e8b465ee728b)  -> (artifact id: '575226ba347c6f1e529e05d7456ce1c1') in 0.057963 seconds
Number of updated asset objects reloaded before import = 0
Number of asset objects unloaded after import = 20
========================================================================
Received Import Request.
  Time since last request: 0.000029 seconds.
  path: Assets/BigFurniturePack/Prefabs/Tables/kitchen_table_2.prefab
  artifactKey: Guid(398008aaa9b8a2e4ebd3860a13db4038) Importer(815301076,1909f56bfc062723c751e8b465ee728b)
Start importing Assets/BigFurniturePack/Prefabs/Tables/kitchen_table_2.prefab using Guid(398008aaa9b8a2e4ebd3860a13db4038) Importer(815301076,1909f56bfc062723c751e8b465ee728b)  -> (artifact id: '71a58b98478ac5822cac95226362d7b9') in 0.024953 seconds
Number of updated asset objects reloaded before import = 0
Number of asset objects unloaded after import = 16
========================================================================
Received Import Request.
  Time since last request: 0.000043 seconds.
  path: Assets/BigFurniturePack/Prefabs/Modular kitchen/modular_kitchen_table_3.prefab
  artifactKey: Guid(66e6284526c4a2645a28827f82a71cfd) Importer(815301076,1909f56bfc062723c751e8b465ee728b)
Start importing Assets/BigFurniturePack/Prefabs/Modular kitchen/modular_kitchen_table_3.prefab using Guid(66e6284526c4a2645a28827f82a71cfd) Importer(815301076,1909f56bfc062723c751e8b465ee728b)  -> (artifact id: '7a25dc21fb299fd545b2c886379027f6') in 0.023828 seconds
Number of updated asset objects reloaded before import = 0
Number of asset objects unloaded after import = 31
========================================================================
Received Import Request.
  Time since last request: 0.000097 seconds.
  path: Assets/BigFurniturePack/Prefabs/Modular kitchen/kitchen_shelf_2.prefab
  artifactKey: Guid(da7880317cad2524a93cbb6056bbc922) Importer(815301076,1909f56bfc062723c751e8b465ee728b)
Start importing Assets/BigFurniturePack/Prefabs/Modular kitchen/kitchen_shelf_2.prefab using Guid(da7880317cad2524a93cbb6056bbc922) Importer(815301076,1909f56bfc062723c751e8b465ee728b)  -> (artifact id: '709af13cc42b975594e16cb0a0a43701') in 0.029164 seconds
Number of updated asset objects reloaded before import = 0
Number of asset objects unloaded after import = 21
========================================================================
Received Import Request.
  Time since last request: 0.000028 seconds.
  path: Assets/BigFurniturePack/Models/modular_kitchen_table_4.FBX
  artifactKey: Guid(55be81c6eb1f8504683a62670af18e4f) Importer(815301076,1909f56bfc062723c751e8b465ee728b)
Start importing Assets/BigFurniturePack/Models/modular_kitchen_table_4.FBX using Guid(55be81c6eb1f8504683a62670af18e4f) Importer(815301076,1909f56bfc062723c751e8b465ee728b)  -> (artifact id: 'de6526a15a2a758547d9e9b1239382da') in 0.127036 seconds
Number of updated asset objects reloaded before import = 0
Number of asset objects unloaded after import = 55
========================================================================
Received Import Request.
  Time since last request: 0.000051 seconds.
  path: Assets/BigFurniturePack/Prefabs/Modular kitchen/kitchen_shelf_3.prefab
  artifactKey: Guid(bcf7f5659c394f04f947cb579e955ca3) Importer(815301076,1909f56bfc062723c751e8b465ee728b)
Start importing Assets/BigFurniturePack/Prefabs/Modular kitchen/kitchen_shelf_3.prefab using Guid(bcf7f5659c394f04f947cb579e955ca3) Importer(815301076,1909f56bfc062723c751e8b465ee728b)  -> (artifact id: 'ad850e978b3e9938f54deffbb442d078') in 0.023369 seconds
Number of updated asset objects reloaded before import = 0
Number of asset objects unloaded after import = 21
========================================================================
Received Import Request.
  Time since last request: 0.000093 seconds.
  path: Assets/BigFurniturePack/Prefabs/Sofas&Chairs/chair_2.prefab
  artifactKey: Guid(2de9ad0fa697ed54db49ee8dcbe9d875) Importer(815301076,1909f56bfc062723c751e8b465ee728b)
Start importing Assets/BigFurniturePack/Prefabs/Sofas&Chairs/chair_2.prefab using Guid(2de9ad0fa697ed54db49ee8dcbe9d875) Importer(815301076,1909f56bfc062723c751e8b465ee728b)  -> (artifact id: '3671c8c46272bbcebb19b6b6b884a897') in 0.029310 seconds
Number of updated asset objects reloaded before import = 0
Number of asset objects unloaded after import = 21
========================================================================
Received Import Request.
  Time since last request: 0.000035 seconds.
  path: Assets/BigFurniturePack/Models/chair_1.FBX
  artifactKey: Guid(86acd830387febe47935c6d30bc6fdab) Importer(815301076,1909f56bfc062723c751e8b465ee728b)
Start importing Assets/BigFurniturePack/Models/chair_1.FBX using Guid(86acd830387febe47935c6d30bc6fdab) Importer(815301076,1909f56bfc062723c751e8b465ee728b)  -> (artifact id: '473c068ee26029d9e68db21eeb15a2ba') in 0.066427 seconds
Number of updated asset objects reloaded before import = 0
Number of asset objects unloaded after import = 20
========================================================================
Received Import Request.
  Time since last request: 0.000039 seconds.
  path: Assets/BigFurniturePack/Prefabs/Sofas&Chairs/chair_3.prefab
  artifactKey: Guid(71384cbc628fa864eb38a3ce9020699c) Importer(815301076,1909f56bfc062723c751e8b465ee728b)
Start importing Assets/BigFurniturePack/Prefabs/Sofas&Chairs/chair_3.prefab using Guid(71384cbc628fa864eb38a3ce9020699c) Importer(815301076,1909f56bfc062723c751e8b465ee728b)  -> (artifact id: '730b180b6e307be4849ca6b8a2291cc3') in 0.022524 seconds
Number of updated asset objects reloaded before import = 0
Number of asset objects unloaded after import = 26
========================================================================
Received Import Request.
  Time since last request: 0.000024 seconds.
  path: Assets/BigFurniturePack/Models/kitchen_shelf_3.FBX
  artifactKey: Guid(3f05170cab001044eb4dd4fa37028185) Importer(815301076,1909f56bfc062723c751e8b465ee728b)
Start importing Assets/BigFurniturePack/Models/kitchen_shelf_3.FBX using Guid(3f05170cab001044eb4dd4fa37028185) Importer(815301076,1909f56bfc062723c751e8b465ee728b)  -> (artifact id: 'e1fb4d4e416c99e1eb9f95a4370aea22') in 0.068863 seconds
Number of updated asset objects reloaded before import = 0
Number of asset objects unloaded after import = 20
========================================================================
Received Import Request.
  Time since last request: 0.000030 seconds.
  path: Assets/BigFurniturePack/Prefabs/Modular kitchen/modular_kitchen_table_4_INV.prefab
  artifactKey: Guid(3ef68bc6de3dfab4daadb71aec4656bf) Importer(815301076,1909f56bfc062723c751e8b465ee728b)
Start importing Assets/BigFurniturePack/Prefabs/Modular kitchen/modular_kitchen_table_4_INV.prefab using Guid(3ef68bc6de3dfab4daadb71aec4656bf) Importer(815301076,1909f56bfc062723c751e8b465ee728b)  -> (artifact id: '7ec50730bb51edff289e6ac2b608da91') in 0.021412 seconds
Number of updated asset objects reloaded before import = 0
Number of asset objects unloaded after import = 56
========================================================================
Received Import Request.
  Time since last request: 0.000045 seconds.
  path: Assets/BigFurniturePack/Prefabs/Modular kitchen/modular_kitchen_table_2.prefab
  artifactKey: Guid(7d0701320ee303d439feed9498b8d336) Importer(815301076,1909f56bfc062723c751e8b465ee728b)
Start importing Assets/BigFurniturePack/Prefabs/Modular kitchen/modular_kitchen_table_2.prefab using Guid(7d0701320ee303d439feed9498b8d336) Importer(815301076,1909f56bfc062723c751e8b465ee728b)  -> (artifact id: '330adf44e8a621ac8c30def749fa1c88') in 0.023671 seconds
Number of updated asset objects reloaded before import = 0
Number of asset objects unloaded after import = 31
========================================================================
Received Import Request.
  Time since last request: 0.000034 seconds.
  path: Assets/BigFurniturePack/Models/modular_kitchen_table_3.FBX
  artifactKey: Guid(9728e56d83cdc8a48b1fcd322bbbc99b) Importer(815301076,1909f56bfc062723c751e8b465ee728b)
Start importing Assets/BigFurniturePack/Models/modular_kitchen_table_3.FBX using Guid(9728e56d83cdc8a48b1fcd322bbbc99b) Importer(815301076,1909f56bfc062723c751e8b465ee728b)  -> (artifact id: '60f68e4ba891f0d4bbbf5ca635b0c91e') in 0.075661 seconds
Number of updated asset objects reloaded before import = 0
Number of asset objects unloaded after import = 30
Editor requested this worker to shutdown with reason: Scaling down because of idle timeout
TcpMessagingSession - receive error: operation aborted. errorcode: 995, details: The I/O operation has been aborted because of either a thread exit or an application request.
AssetImportWorker is now disconnected from the server
Process exiting
Exiting without the bug reporter. Application will terminate with return code 0