Using pre-set license
Built from '2022.3/staging' branch; Version is '2022.3.8f1 (b5eafc012955) revision 11922172'; Using compiler version '192829333'; Build Type 'Release'
OS: 'Windows 11  (10.0.22621) 64bit Professional' Language: 'en' Physical Memory: 16160 MB
BatchMode: 1, IsHumanControllingUs: 0, StartBugReporterOnCrash: 0, Is64bit: 1, IsPro: 1

COMMAND LINE ARGUMENTS:
C:\Program Files\Unity\Hub\Editor\2022.3.8f1\Editor\Unity.exe
-adb2
-batchMode
-noUpm
-name
AssetImportWorker1
-projectPath
C:/Users/Samuel Lee/Documents/Developer/Unity Projects/UVRCast
-logFile
Logs/AssetImportWorker1.log
-srvPort
54903
Successfully changed project path to: C:/Users/Samuel Lee/Documents/Developer/Unity Projects/UVRCast
C:/Users/Samuel Lee/Documents/Developer/Unity Projects/UVRCast
[UnityMemory] Configuration Parameters - Can be set up in boot.config
    "memorysetup-bucket-allocator-granularity=16"
    "memorysetup-bucket-allocator-bucket-count=8"
    "memorysetup-bucket-allocator-block-size=33554432"
    "memorysetup-bucket-allocator-block-count=8"
    "memorysetup-main-allocator-block-size=16777216"
    "memorysetup-thread-allocator-block-size=16777216"
    "memorysetup-gfx-main-allocator-block-size=16777216"
    "memorysetup-gfx-thread-allocator-block-size=16777216"
    "memorysetup-cache-allocator-block-size=4194304"
    "memorysetup-typetree-allocator-block-size=2097152"
    "memorysetup-profiler-bucket-allocator-granularity=16"
    "memorysetup-profiler-bucket-allocator-bucket-count=8"
    "memorysetup-profiler-bucket-allocator-block-size=33554432"
    "memorysetup-profiler-bucket-allocator-block-count=8"
    "memorysetup-profiler-allocator-block-size=16777216"
    "memorysetup-profiler-editor-allocator-block-size=1048576"
    "memorysetup-temp-allocator-size-main=16777216"
    "memorysetup-job-temp-allocator-block-size=2097152"
    "memorysetup-job-temp-allocator-block-size-background=1048576"
    "memorysetup-job-temp-allocator-reduction-small-platforms=262144"
    "memorysetup-allocator-temp-initial-block-size-main=262144"
    "memorysetup-allocator-temp-initial-block-size-worker=262144"
    "memorysetup-temp-allocator-size-background-worker=32768"
    "memorysetup-temp-allocator-size-job-worker=262144"
    "memorysetup-temp-allocator-size-preload-manager=33554432"
    "memorysetup-temp-allocator-size-nav-mesh-worker=65536"
    "memorysetup-temp-allocator-size-audio-worker=65536"
    "memorysetup-temp-allocator-size-cloud-worker=32768"
    "memorysetup-temp-allocator-size-gi-baking-worker=262144"
    "memorysetup-temp-allocator-size-gfx=262144"
Player connection [24824] Host "[IP] 192.168.0.9 [Port] 0 [Flags] 2 [Guid] 1617259171 [EditorId] 1617259171 [Version] 1048832 [Id] WindowsEditor(7,EliteDesk) [Debug] 1 [PackageName] WindowsEditor [ProjectName] Editor" joined multi-casting on [225.0.0.222:54997]...

Player connection [24824] Host "[IP] 192.168.0.9 [Port] 0 [Flags] 2 [Guid] 1617259171 [EditorId] 1617259171 [Version] 1048832 [Id] WindowsEditor(7,EliteDesk) [Debug] 1 [PackageName] WindowsEditor [ProjectName] Editor" joined alternative multi-casting on [225.0.0.222:34997]...

[Physics::Module] Initialized MultithreadedJobDispatcher with 15 workers.
Refreshing native plugins compatible for Editor in 85.37 ms, found 3 plugins.
Preloading 0 native plugins for Editor in 0.00 ms.
Initialize engine version: 2022.3.8f1 (b5eafc012955)
[Subsystems] Discovering subsystems at path C:/Program Files/Unity/Hub/Editor/2022.3.8f1/Editor/Data/Resources/UnitySubsystems
[Subsystems] Discovering subsystems at path C:/Users/Samuel Lee/Documents/Developer/Unity Projects/UVRCast/Assets
GfxDevice: creating device client; threaded=0; jobified=0
Direct3D:
    Version:  Direct3D 11.0 [level 11.1]
    Renderer: NVIDIA GeForce GTX 1050 Ti (ID=0x1c82)
    Vendor:   NVIDIA
    VRAM:     4017 MB
    Driver:   31.0.15.3713
Initialize mono
Mono path[0] = 'C:/Program Files/Unity/Hub/Editor/2022.3.8f1/Editor/Data/Managed'
Mono path[1] = 'C:/Program Files/Unity/Hub/Editor/2022.3.8f1/Editor/Data/MonoBleedingEdge/lib/mono/unityjit-win32'
Mono config path = 'C:/Program Files/Unity/Hub/Editor/2022.3.8f1/Editor/Data/MonoBleedingEdge/etc'
Using monoOptions --debugger-agent=transport=dt_socket,embedding=1,server=y,suspend=n,address=127.0.0.1:56896
Begin MonoManager ReloadAssembly
Registering precompiled unity dll's ...
Register platform support module: C:/Program Files/Unity/Hub/Editor/2022.3.8f1/Editor/Data/PlaybackEngines/WebGLSupport/UnityEditor.WebGL.Extensions.dll
Register platform support module: C:/Program Files/Unity/Hub/Editor/2022.3.8f1/Editor/Data/PlaybackEngines/MacStandaloneSupport/UnityEditor.OSXStandalone.Extensions.dll
Register platform support module: C:/Program Files/Unity/Hub/Editor/2022.3.8f1/Editor/Data/PlaybackEngines/AndroidPlayer/UnityEditor.Android.Extensions.dll
Register platform support module: C:/Program Files/Unity/Hub/Editor/2022.3.8f1/Editor/Data/PlaybackEngines/iOSSupport/UnityEditor.iOS.Extensions.dll
Register platform support module: C:/Program Files/Unity/Hub/Editor/2022.3.8f1/Editor/Data/PlaybackEngines/AppleTVSupport/UnityEditor.AppleTV.Extensions.dll
Register platform support module: C:/Program Files/Unity/Hub/Editor/2022.3.8f1/Editor/Data/PlaybackEngines/WindowsStandaloneSupport/UnityEditor.WindowsStandalone.Extensions.dll
Register platform support module: C:/Program Files/Unity/Hub/Editor/2022.3.8f1/Editor/Data/PlaybackEngines/LinuxStandaloneSupport/UnityEditor.LinuxStandalone.Extensions.dll
Register platform support module: C:/Program Files/Unity/Hub/Editor/2022.3.8f1/Editor/Data/PlaybackEngines/MetroSupport/UnityEditor.UWP.Extensions.dll
Registered in 0.021596 seconds.
- Loaded All Assemblies, in  0.618 seconds
Native extension for UWP target not found
Native extension for LinuxStandalone target not found
Native extension for WindowsStandalone target not found
[usbmuxd] Start listen thread
[usbmuxd] Listen thread started
[usbmuxd] Send listen message
Native extension for AppleTV target not found
[usbmuxd] Start listen thread
[usbmuxd] Listen thread started
[usbmuxd] Send listen message
Native extension for iOS target not found
Native extension for Android target not found
Android Extension - Scanning For ADB Devices 384 ms
Native extension for OSXStandalone target not found
Native extension for WebGL target not found
Mono: successfully reloaded assembly
- Finished resetting the current domain, in  0.740 seconds
Domain Reload Profiling: 1356ms
	BeginReloadAssembly (141ms)
		ExecutionOrderSort (0ms)
		DisableScriptedObjects (0ms)
		BackupInstance (0ms)
		ReleaseScriptingObjects (0ms)
		CreateAndSetChildDomain (1ms)
	RebuildCommonClasses (36ms)
	RebuildNativeTypeToScriptingClass (11ms)
	initialDomainReloadingComplete (76ms)
	LoadAllAssembliesAndSetupDomain (352ms)
		LoadAssemblies (143ms)
		RebuildTransferFunctionScriptingTraits (0ms)
		AnalyzeDomain (345ms)
			TypeCache.Refresh (344ms)
				TypeCache.ScanAssembly (328ms)
			ScanForSourceGeneratedMonoScriptInfo (0ms)
			ResolveRequiredComponents (0ms)
	FinalizeReload (740ms)
		ReleaseScriptCaches (0ms)
		RebuildScriptCaches (0ms)
		SetupLoadedEditorAssemblies (683ms)
			LogAssemblyErrors (0ms)
			InitializePlatformSupportModulesInManaged (524ms)
			SetLoadedEditorAssemblies (4ms)
			RefreshPlugins (0ms)
			BeforeProcessingInitializeOnLoad (3ms)
			ProcessInitializeOnLoadAttributes (99ms)
			ProcessInitializeOnLoadMethodAttributes (54ms)
			AfterProcessingInitializeOnLoad (0ms)
			EditorAssembliesLoaded (0ms)
		ExecutionOrderSort2 (0ms)
		AwakeInstancesAfterBackupRestoration (0ms)
========================================================================
Worker process is ready to serve import requests
Begin MonoManager ReloadAssembly
- Loaded All Assemblies, in  2.621 seconds
Refreshing native plugins compatible for Editor in 3.79 ms, found 3 plugins.
Native extension for UWP target not found
Native extension for LinuxStandalone target not found
Native extension for WindowsStandalone target not found
Native extension for AppleTV target not found
Native extension for iOS target not found
Native extension for Android target not found
Native extension for OSXStandalone target not found
Native extension for WebGL target not found
Package Manager log level set to [2]
[Package Manager] Server::EnsureServerProcessIsRunning -- launch failed, reason: Unity was launched with the -noUpm command-line argument
[Package Manager] UpmClient::Send -- Unable to send message (not connected to UPM process).
[Package Manager] Cannot connect to Unity Package Manager local server
Mono: successfully reloaded assembly
- Finished resetting the current domain, in  0.737 seconds
Domain Reload Profiling: 3349ms
	BeginReloadAssembly (172ms)
		ExecutionOrderSort (0ms)
		DisableScriptedObjects (6ms)
		BackupInstance (0ms)
		ReleaseScriptingObjects (0ms)
		CreateAndSetChildDomain (26ms)
	RebuildCommonClasses (38ms)
	RebuildNativeTypeToScriptingClass (11ms)
	initialDomainReloadingComplete (50ms)
	LoadAllAssembliesAndSetupDomain (2341ms)
		LoadAssemblies (2200ms)
		RebuildTransferFunctionScriptingTraits (0ms)
		AnalyzeDomain (244ms)
			TypeCache.Refresh (203ms)
				TypeCache.ScanAssembly (178ms)
			ScanForSourceGeneratedMonoScriptInfo (28ms)
			ResolveRequiredComponents (12ms)
	FinalizeReload (737ms)
		ReleaseScriptCaches (0ms)
		RebuildScriptCaches (0ms)
		SetupLoadedEditorAssemblies (551ms)
			LogAssemblyErrors (0ms)
			InitializePlatformSupportModulesInManaged (52ms)
			SetLoadedEditorAssemblies (4ms)
			RefreshPlugins (0ms)
			BeforeProcessingInitializeOnLoad (79ms)
			ProcessInitializeOnLoadAttributes (336ms)
			ProcessInitializeOnLoadMethodAttributes (74ms)
			AfterProcessingInitializeOnLoad (7ms)
			EditorAssembliesLoaded (0ms)
		ExecutionOrderSort2 (0ms)
		AwakeInstancesAfterBackupRestoration (10ms)
Launched and connected shader compiler UnityShaderCompiler.exe after 0.06 seconds
Refreshing native plugins compatible for Editor in 7.04 ms, found 3 plugins.
Preloading 0 native plugins for Editor in 0.00 ms.
Unloading 5456 Unused Serialized files (Serialized files now loaded: 0)
Unloading 80 unused Assets / (0.8 MB). Loaded Objects now: 5910.
Memory consumption went from 216.3 MB to 215.5 MB.
Total: 6.793800 ms (FindLiveObjects: 0.969800 ms CreateObjectMapping: 0.832200 ms MarkObjects: 4.413500 ms  DeleteObjects: 0.576800 ms)

AssetImportParameters requested are different than current active one (requested -> active):
  custom:container-demuxer-ogg: 62fdf1f143b41e24485cea50d1cbac27 -> 
  custom:video-codec-MediaFoundation-h265: 746d11721c4dcdbdad8f713fa42b33f4 -> 
  custom:video-decoder-ogg-theora: a1e56fd34408186e4bbccfd4996cb3dc -> 
  custom:framework-win-MediaFoundation: 216162199b28c13a410421893ffa2e32 -> 
  custom:CustomObjectIndexerAttribute: a3ef5dd2817f97addfee359851a9dba5 -> 
  custom:container-demuxer-webm: 4f35f7cbe854078d1ac9338744f61a02 -> 
  custom:container-muxer-webm: aa71ff27fc2769a1b78a27578f13a17b -> 
  custom:video-decoder-webm-vp8: 9c59270c3fd7afecdb556c50c9e8de78 -> 
  custom:SearchIndexIgnoredProperties: e643bd26f0fe6173181afceb89e7c659 -> 
  custom:AudioImporter_EditorPlatform: d09bf68614088b80899f8185d706f6e7 -> 
  custom:video-encoder-webm-vp8: eb34c28f22e8b96e1ab97ce403110664 -> 
  custom:audio-decoder-ogg-vorbis: bf7c407c2cedff20999df2af8eb42d56 -> 
  custom:audio-encoder-webm-vorbis: bf7c407c2cedff20999df2af8eb42d56 -> 
========================================================================
Received Import Request.
  Time since last request: 407167.831446 seconds.
  path: Assets/3D Imports/VRM/S.Aikawa (Summer)/S.Aikawa (Summer).Meshes/Face (merged)(Clone).baked.asset
  artifactKey: Guid(6dcb792e16ea2fb448aa39f532274cdc) Importer(815301076,1909f56bfc062723c751e8b465ee728b)
Start importing Assets/3D Imports/VRM/S.Aikawa (Summer)/S.Aikawa (Summer).Meshes/Face (merged)(Clone).baked.asset using Guid(6dcb792e16ea2fb448aa39f532274cdc) Importer(815301076,1909f56bfc062723c751e8b465ee728b)  -> (artifact id: '42e96ec2a49307c326bbb266470791a5') in 0.209914 seconds
Number of updated asset objects reloaded before import = 0
Number of asset objects unloaded after import = 2
========================================================================
Received Import Request.
  Time since last request: 0.447455 seconds.
  path: Assets/3D Imports/VRM/S.Aikawa (Summer)/S.Aikawa (Summer).BlendShapes/BlendShape.A.asset
  artifactKey: Guid(70605da830ca52245a0767c13fcff076) Importer(815301076,1909f56bfc062723c751e8b465ee728b)
Start importing Assets/3D Imports/VRM/S.Aikawa (Summer)/S.Aikawa (Summer).BlendShapes/BlendShape.A.asset using Guid(70605da830ca52245a0767c13fcff076) Importer(815301076,1909f56bfc062723c751e8b465ee728b)  -> (artifact id: 'd503459f263f9e8715b3246aea84e6d0') in 0.002383 seconds
Number of updated asset objects reloaded before import = 0
Number of asset objects unloaded after import = 1
========================================================================
Received Import Request.
  Time since last request: 0.001694 seconds.
  path: Assets/3D Imports/VRM/S.Aikawa (Summer)/S.Aikawa (Summer).BlendShapes/BlendShape.Blink_L.asset
  artifactKey: Guid(2853a314fc4c785418a1a25451611b5d) Importer(815301076,1909f56bfc062723c751e8b465ee728b)
Start importing Assets/3D Imports/VRM/S.Aikawa (Summer)/S.Aikawa (Summer).BlendShapes/BlendShape.Blink_L.asset using Guid(2853a314fc4c785418a1a25451611b5d) Importer(815301076,1909f56bfc062723c751e8b465ee728b)  -> (artifact id: '81b8db11562577c8ad925790f138f53e') in 0.001524 seconds
Number of updated asset objects reloaded before import = 0
Number of asset objects unloaded after import = 1
========================================================================
Received Import Request.
  Time since last request: 0.002421 seconds.
  path: Assets/3D Imports/VRM/S.Aikawa (Summer)/S.Aikawa (Summer).BlendShapes/BlendShape.Fun.asset
  artifactKey: Guid(9d12ec2166fa1fa49934aeba09023855) Importer(815301076,1909f56bfc062723c751e8b465ee728b)
Start importing Assets/3D Imports/VRM/S.Aikawa (Summer)/S.Aikawa (Summer).BlendShapes/BlendShape.Fun.asset using Guid(9d12ec2166fa1fa49934aeba09023855) Importer(815301076,1909f56bfc062723c751e8b465ee728b)  -> (artifact id: '46ef686138d14108f47dc15d5e90724f') in 0.001676 seconds
Number of updated asset objects reloaded before import = 0
Number of asset objects unloaded after import = 1
========================================================================
Received Import Request.
  Time since last request: 0.000034 seconds.
  path: Assets/3D Imports/VRM/S.Aikawa (Summer)/S.Aikawa (Summer).BlendShapes/LookLeft.asset
  artifactKey: Guid(1d59dc33377ec5046b97bb100a04e0c5) Importer(815301076,1909f56bfc062723c751e8b465ee728b)
Start importing Assets/3D Imports/VRM/S.Aikawa (Summer)/S.Aikawa (Summer).BlendShapes/LookLeft.asset using Guid(1d59dc33377ec5046b97bb100a04e0c5) Importer(815301076,1909f56bfc062723c751e8b465ee728b)  -> (artifact id: 'eb3056c0a170d42b0d48e48a1e5f4953') in 0.002491 seconds
Number of updated asset objects reloaded before import = 0
Number of asset objects unloaded after import = 1
========================================================================
Received Import Request.
  Time since last request: 0.000044 seconds.
  path: Assets/3D Imports/VRM/S.Aikawa (Summer)/S.Aikawa (Summer).BlendShapes/BlendShape.Surprised.asset
  artifactKey: Guid(5c76241fdf691eb4d9d5a858af13b575) Importer(815301076,1909f56bfc062723c751e8b465ee728b)
Start importing Assets/3D Imports/VRM/S.Aikawa (Summer)/S.Aikawa (Summer).BlendShapes/BlendShape.Surprised.asset using Guid(5c76241fdf691eb4d9d5a858af13b575) Importer(815301076,1909f56bfc062723c751e8b465ee728b)  -> (artifact id: '1026e4dd5e6ce10cfb377333133a89e5') in 0.002275 seconds
Number of updated asset objects reloaded before import = 0
Number of asset objects unloaded after import = 1
========================================================================
Received Import Request.
  Time since last request: 0.000031 seconds.
  path: Assets/3D Imports/VRM/S.Aikawa (Summer)/S.Aikawa (Summer).BlendShapes/BlendShape.Neutral.asset
  artifactKey: Guid(247d937d3931ed548bd717d10bbab760) Importer(815301076,1909f56bfc062723c751e8b465ee728b)
Start importing Assets/3D Imports/VRM/S.Aikawa (Summer)/S.Aikawa (Summer).BlendShapes/BlendShape.Neutral.asset using Guid(247d937d3931ed548bd717d10bbab760) Importer(815301076,1909f56bfc062723c751e8b465ee728b)  -> (artifact id: '71e6f46f342846dbaba81a170cfa09c1') in 0.002958 seconds
Number of updated asset objects reloaded before import = 0
Number of asset objects unloaded after import = 1
========================================================================
Received Import Request.
  Time since last request: 0.000022 seconds.
  path: Assets/3D Imports/VRM/S.Aikawa (Summer)/S.Aikawa (Summer).BlendShapes/BlendShape.Blink_R.asset
  artifactKey: Guid(56cb5128cae0cf94d83ed343941bb4e0) Importer(815301076,1909f56bfc062723c751e8b465ee728b)
Start importing Assets/3D Imports/VRM/S.Aikawa (Summer)/S.Aikawa (Summer).BlendShapes/BlendShape.Blink_R.asset using Guid(56cb5128cae0cf94d83ed343941bb4e0) Importer(815301076,1909f56bfc062723c751e8b465ee728b)  -> (artifact id: '79987e9bf8104bf2a5bab766a0239bfd') in 0.001843 seconds
Number of updated asset objects reloaded before import = 0
Number of asset objects unloaded after import = 1
========================================================================
Received Import Request.
  Time since last request: 0.000040 seconds.
  path: Assets/3D Imports/VRM/S.Aikawa (Summer)/S.Aikawa (Summer).BlendShapes/LookDown.asset
  artifactKey: Guid(462552b5d5231ff45a1b37a2e5e3320d) Importer(815301076,1909f56bfc062723c751e8b465ee728b)
Start importing Assets/3D Imports/VRM/S.Aikawa (Summer)/S.Aikawa (Summer).BlendShapes/LookDown.asset using Guid(462552b5d5231ff45a1b37a2e5e3320d) Importer(815301076,1909f56bfc062723c751e8b465ee728b)  -> (artifact id: '7bd9d9bc393ad5fc4537b42666bc87d1') in 0.002056 seconds
Number of updated asset objects reloaded before import = 0
Number of asset objects unloaded after import = 1
========================================================================
Received Import Request.
  Time since last request: 0.000021 seconds.
  path: Assets/3D Imports/VRM/S.Aikawa (Summer)/S.Aikawa (Summer).BlendShapes/LookUp.asset
  artifactKey: Guid(808fc909ea272b34186981ff9796a308) Importer(815301076,1909f56bfc062723c751e8b465ee728b)
Start importing Assets/3D Imports/VRM/S.Aikawa (Summer)/S.Aikawa (Summer).BlendShapes/LookUp.asset using Guid(808fc909ea272b34186981ff9796a308) Importer(815301076,1909f56bfc062723c751e8b465ee728b)  -> (artifact id: 'b1dfb645440da80a79b896d0b1ce0dbc') in 0.001229 seconds
Number of updated asset objects reloaded before import = 0
Number of asset objects unloaded after import = 1
========================================================================
Received Import Request.
  Time since last request: 4.626496 seconds.
  path: Assets/3D Imports/VRM/S.Aikawa (Summer)/S.Aikawa (Summer).Textures/_11.normal.png
  artifactKey: Guid(cefb0a2b6b8ea424981c7e7a2c93d0d9) Importer(815301076,1909f56bfc062723c751e8b465ee728b)
Start importing Assets/3D Imports/VRM/S.Aikawa (Summer)/S.Aikawa (Summer).Textures/_11.normal.png using Guid(cefb0a2b6b8ea424981c7e7a2c93d0d9) Importer(815301076,1909f56bfc062723c751e8b465ee728b)  -> (artifact id: 'e7cbcb207969de291019add670e448f3') in 0.063247 seconds
Number of updated asset objects reloaded before import = 0
Number of asset objects unloaded after import = 2
========================================================================
Received Import Request.
  Time since last request: 0.000038 seconds.
  path: Assets/3D Imports/VRM/S.Aikawa (Summer)/S.Aikawa (Summer).Textures/Shader_NoneBlack.png
  artifactKey: Guid(c057847a202dca84b8169d01e13477da) Importer(815301076,1909f56bfc062723c751e8b465ee728b)
Start importing Assets/3D Imports/VRM/S.Aikawa (Summer)/S.Aikawa (Summer).Textures/Shader_NoneBlack.png using Guid(c057847a202dca84b8169d01e13477da) Importer(815301076,1909f56bfc062723c751e8b465ee728b)  -> (artifact id: '47bcea17cc308f0cd932faa3e3c714f4') in 0.031852 seconds
Number of updated asset objects reloaded before import = 0
Number of asset objects unloaded after import = 2
Editor requested this worker to shutdown with reason: Scaling down because of idle timeout
TcpMessagingSession - receive error: operation aborted. errorcode: 995, details: The I/O operation has been aborted because of either a thread exit or an application request.
AssetImportWorker is now disconnected from the server
Process exiting
Exiting without the bug reporter. Application will terminate with return code 0